"4769","ILCSDC0","1f44b6c9-f7b5-4049-be1c-c47954ec3bdc","True","ILCSDC0.critsol.net","System.Byte[]","3273971","(14337)","14337","SuccessAudit","A Kerberos service ticket was requested.

Account Information:
	Account Name:		driosx@CRITSOL.NET
	Account Domain:		CRITSOL.NET
	Logon GUID:		{EDDD5C19-2422-33C1-CBB0-E6B04AA8A6DA}

Service Information:
	Service Name:		krbtgt
	Service ID:		S-1-5-21-3517127094-4084499969-524712262-502

Network Information:
	Client Address:		::ffff:10.11.10.35
	Client Port:		40857

Additional Information:
	Ticket Options:		0x60810010
	Ticket Encryption Type:	0x12
	Failure Code:		0x0
	Transited Services:	-

This event is generated every time access is requested to a resource such as a computer or a Windows service.  The service name indicates the resource to which access was requested.

This event can be correlated with Windows logon events by comparing the Logon GUID fields in each event.  The logon event occurs on the machine that was accessed, which is often a different machine than the domain controller which issued the service ticket.

Ticket options, encryption types, and failure codes are defined in RFC 4120.","Microsoft-Windows-Security-Auditing","driosx@CRITSOL.NET CRITSOL.NET krbtgt S-1-5-21-3517127094-4084499969-524712262-502 0x60810010 0x12 ::ffff:10.11.10.35 40857 0x0 {EDDD5C19-2422-33C1-CBB0-E6B04AA8A6DA} -","4769","12/4/2019 11:56:56 AM","12/4/2019 11:56:56 AM",,,
"4769","ILCSDC0","1f44b6c9-f7b5-4049-be1c-c47954ec3bdc","True","ILCSDC0.critsol.net","System.Byte[]","3273970","(14337)","14337","SuccessAudit","A Kerberos service ticket was requested.

Account Information:
	Account Name:		driosx@CRITSOL.NET
	Account Domain:		CRITSOL.NET
	Logon GUID:		{EDDD5C19-2422-33C1-CBB0-E6B04AA8A6DA}

Service Information:
	Service Name:		ILCSDC0$
	Service ID:		S-1-5-21-3517127094-4084499969-524712262-1000

Network Information:
	Client Address:		::ffff:10.11.10.35
	Client Port:		40856

Additional Information:
	Ticket Options:		0x40810000
	Ticket Encryption Type:	0x12
	Failure Code:		0x0
	Transited Services:	-

This event is generated every time access is requested to a resource such as a computer or a Windows service.  The service name indicates the resource to which access was requested.

This event can be correlated with Windows logon events by comparing the Logon GUID fields in each event.  The logon event occurs on the machine that was accessed, which is often a different machine than the domain controller which issued the service ticket.

Ticket options, encryption types, and failure codes are defined in RFC 4120.","Microsoft-Windows-Security-Auditing","driosx@CRITSOL.NET CRITSOL.NET ILCSDC0$ S-1-5-21-3517127094-4084499969-524712262-1000 0x40810000 0x12 ::ffff:10.11.10.35 40856 0x0 {EDDD5C19-2422-33C1-CBB0-E6B04AA8A6DA} -","4769","12/4/2019 11:56:56 AM","12/4/2019 11:56:56 AM",,,
"4769","ILCSDC0","1f44b6c9-f7b5-4049-be1c-c47954ec3bdc","True","ILCSDC0.critsol.net","System.Byte[]","3273969","(14337)","14337","SuccessAudit","A Kerberos service ticket was requested.

Account Information:
	Account Name:		driosx@CRITSOL.NET
	Account Domain:		CRITSOL.NET
	Logon GUID:		{EDDD5C19-2422-33C1-CBB0-E6B04AA8A6DA}

Service Information:
	Service Name:		ILCSWS008$
	Service ID:		S-1-5-21-3517127094-4084499969-524712262-1620

Network Information:
	Client Address:		::ffff:10.11.10.35
	Client Port:		40854

Additional Information:
	Ticket Options:		0x40810000
	Ticket Encryption Type:	0x12
	Failure Code:		0x0
	Transited Services:	-

This event is generated every time access is requested to a resource such as a computer or a Windows service.  The service name indicates the resource to which access was requested.

This event can be correlated with Windows logon events by comparing the Logon GUID fields in each event.  The logon event occurs on the machine that was accessed, which is often a different machine than the domain controller which issued the service ticket.

Ticket options, encryption types, and failure codes are defined in RFC 4120.","Microsoft-Windows-Security-Auditing","driosx@CRITSOL.NET CRITSOL.NET ILCSWS008$ S-1-5-21-3517127094-4084499969-524712262-1620 0x40810000 0x12 ::ffff:10.11.10.35 40854 0x0 {EDDD5C19-2422-33C1-CBB0-E6B04AA8A6DA} -","4769","12/4/2019 11:56:56 AM","12/4/2019 11:56:56 AM",,,
"4634","ILCSDC0","1f44b6c9-f7b5-4049-be1c-c47954ec3bdc","True","ILCSDC0.critsol.net","System.Byte[]","3273968","(12545)","12545","SuccessAudit","An account was logged off.

Subject:
	Security ID:		S-1-5-21-3517127094-4084499969-524712262-1103
	Account Name:		driosx
	Account Domain:		CRIT
	Logon ID:		0x32e8110

Logon Type:			3

This event is generated when a logon session is destroyed. It may be positively correlated with a logon event using the Logon ID value. Logon IDs are only unique between reboots on the same computer.","Microsoft-Windows-Security-Auditing","S-1-5-21-3517127094-4084499969-524712262-1103 driosx CRIT 0x32e8110 3","4634","12/4/2019 11:56:56 AM","12/4/2019 11:56:56 AM",,,
"4627","ILCSDC0","1f44b6c9-f7b5-4049-be1c-c47954ec3bdc","True","ILCSDC0.critsol.net","System.Byte[]","3273967","(12554)","12554","SuccessAudit","Group membership information.

Subject:
	Security ID:		S-1-0-0
	Account Name:		-
	Account Domain:		-
	Logon ID:		0x0

Logon Type:			3

New Logon:
	Security ID:		S-1-5-21-3517127094-4084499969-524712262-1103
	Account Name:		driosx
	Account Domain:		CRITSOL.NET
	Logon ID:		0x32e8110

Event in sequence:		1 of 1

Group Membership:			
		%{S-1-5-21-3517127094-4084499969-524712262-513}
		%{S-1-1-0}
		%{S-1-5-32-545}
		%{S-1-5-32-554}
		%{S-1-5-32-544}
		%{S-1-5-32-548}
		%{S-1-5-32-550}
		%{S-1-5-32-555}
		%{S-1-5-32-556}
		%{S-1-5-32-558}
		%{S-1-5-32-559}
		%{S-1-5-32-568}
		%{S-1-5-32-573}
		%{S-1-5-32-580}
		%{S-1-5-32-549}
		%{S-1-5-2}
		%{S-1-5-11}
		%{S-1-5-15}
		%{S-1-5-21-3517127094-4084499969-524712262-512}
		%{S-1-5-21-3517127094-4084499969-524712262-1131}
		%{S-1-5-21-3517127094-4084499969-524712262-1104}
		%{S-1-5-21-3517127094-4084499969-524712262-1118}
		%{S-1-5-21-3517127094-4084499969-524712262-1112}
		%{S-1-5-21-3517127094-4084499969-524712262-520}
		%{S-1-5-21-3517127094-4084499969-524712262-1119}
		%{S-1-18-1}
		%{S-1-5-21-3517127094-4084499969-524712262-572}
		%{S-1-5-21-3517127094-4084499969-524712262-1101}
		%{S-1-5-21-3517127094-4084499969-524712262-1106}
		%{S-1-16-12288}

The subject fields indicate the account on the local system which requested the logon. This is most commonly a service such as the Server service, or a local process such as Winlogon.exe or Services.exe.

The logon type field indicates the kind of logon that occurred. The most common types are 2 (interactive) and 3 (network).

The New Logon fields indicate the account for whom the new logon was created, i.e. the account that was logged on.

This event is generated when the Audit Group Membership subcategory is configured.  The Logon ID field can be used to correlate this event with the corresponding user logon event as well as to any other security audit events generated during this logon session.","Microsoft-Windows-Security-Auditing","S-1-0-0 - - 0x0 S-1-5-21-3517127094-4084499969-524712262-1103 driosx CRITSOL.NET 0x32e8110 3 1 1 
		%{S-1-5-21-3517127094-4084499969-524712262-513}
		%{S-1-1-0}
		%{S-1-5-32-545}
		%{S-1-5-32-554}
		%{S-1-5-32-544}
		%{S-1-5-32-548}
		%{S-1-5-32-550}
		%{S-1-5-32-555}
		%{S-1-5-32-556}
		%{S-1-5-32-558}
		%{S-1-5-32-559}
		%{S-1-5-32-568}
		%{S-1-5-32-573}
		%{S-1-5-32-580}
		%{S-1-5-32-549}
		%{S-1-5-2}
		%{S-1-5-11}
		%{S-1-5-15}
		%{S-1-5-21-3517127094-4084499969-524712262-512}
		%{S-1-5-21-3517127094-4084499969-524712262-1131}
		%{S-1-5-21-3517127094-4084499969-524712262-1104}
		%{S-1-5-21-3517127094-4084499969-524712262-1118}
		%{S-1-5-21-3517127094-4084499969-524712262-1112}
		%{S-1-5-21-3517127094-4084499969-524712262-520}
		%{S-1-5-21-3517127094-4084499969-524712262-1119}
		%{S-1-18-1}
		%{S-1-5-21-3517127094-4084499969-524712262-572}
		%{S-1-5-21-3517127094-4084499969-524712262-1101}
		%{S-1-5-21-3517127094-4084499969-524712262-1106}
		%{S-1-16-12288}","4627","12/4/2019 11:56:56 AM","12/4/2019 11:56:56 AM",,,
"4624","ILCSDC0","1f44b6c9-f7b5-4049-be1c-c47954ec3bdc","True","ILCSDC0.critsol.net","System.Byte[]","3273966","(12544)","12544","SuccessAudit","An account was successfully logged on.

Subject:
	Security ID:		S-1-0-0
	Account Name:		-
	Account Domain:		-
	Logon ID:		0x0

Logon Information:
	Logon Type:		3
	Restricted Admin Mode:	-
	Virtual Account:		%%1843
	Elevated Token:		%%1842

Impersonation Level:		%%1840

New Logon:
	Security ID:		S-1-5-21-3517127094-4084499969-524712262-1103
	Account Name:		driosx
	Account Domain:		CRITSOL.NET
	Logon ID:		0x32e8110
	Linked Logon ID:		0x0
	Network Account Name:	-
	Network Account Domain:	-
	Logon GUID:		{E27B3386-912F-F085-CD69-0874C759F863}

Process Information:
	Process ID:		0x0
	Process Name:		-

Network Information:
	Workstation Name:	-
	Source Network Address:	-
	Source Port:		-

Detailed Authentication Information:
	Logon Process:		Kerberos
	Authentication Package:	Kerberos
	Transited Services:	-
	Package Name (NTLM only):	-
	Key Length:		0

This event is generated when a logon session is created. It is generated on the computer that was accessed.

The subject fields indicate the account on the local system which requested the logon. This is most commonly a service such as the Server service, or a local process such as Winlogon.exe or Services.exe.

The logon type field indicates the kind of logon that occurred. The most common types are 2 (interactive) and 3 (network).

The New Logon fields indicate the account for whom the new logon was created, i.e. the account that was logged on.

The network fields indicate where a remote logon request originated. Workstation name is not always available and may be left blank in some cases.

The impersonation level field indicates the extent to which a process in the logon session can impersonate.

The authentication information fields provide detailed information about this specific logon request.
	- Logon GUID is a unique identifier that can be used to correlate this event with a KDC event.
	- Transited services indicate which intermediate services have participated in this logon request.
	- Package name indicates which sub-protocol was used among the NTLM protocols.
	- Key length indicates the length of the generated session key. This will be 0 if no session key was requested.","Microsoft-Windows-Security-Auditing","S-1-0-0 - - 0x0 S-1-5-21-3517127094-4084499969-524712262-1103 driosx CRITSOL.NET 0x32e8110 3 Kerberos Kerberos - {E27B3386-912F-F085-CD69-0874C759F863} - - 0 0x0 - - - %%1840 - - - %%1843 0x0 %%1842","4624","12/4/2019 11:56:56 AM","12/4/2019 11:56:56 AM",,,
"4672","ILCSDC0","1f44b6c9-f7b5-4049-be1c-c47954ec3bdc","True","ILCSDC0.critsol.net","System.Byte[]","3273965","(12548)","12548","SuccessAudit","Special privileges assigned to new logon.

Subject:
	Security ID:		S-1-5-21-3517127094-4084499969-524712262-1103
	Account Name:		driosx
	Account Domain:		CRIT
	Logon ID:		0x32e8110

Privileges:		SeSecurityPrivilege
			SeBackupPrivilege
			SeRestorePrivilege
			SeTakeOwnershipPrivilege
			SeDebugPrivilege
			SeSystemEnvironmentPrivilege
			SeLoadDriverPrivilege
			SeImpersonatePrivilege
			SeDelegateSessionUserImpersonatePrivilege
			SeEnableDelegationPrivilege","Microsoft-Windows-Security-Auditing","S-1-5-21-3517127094-4084499969-524712262-1103 driosx CRIT 0x32e8110 SeSecurityPrivilege
			SeBackupPrivilege
			SeRestorePrivilege
			SeTakeOwnershipPrivilege
			SeDebugPrivilege
			SeSystemEnvironmentPrivilege
			SeLoadDriverPrivilege
			SeImpersonatePrivilege
			SeDelegateSessionUserImpersonatePrivilege
			SeEnableDelegationPrivilege","4672","12/4/2019 11:56:56 AM","12/4/2019 11:56:56 AM",,,
"4634","ILCSDC0","1f44b6c9-f7b5-4049-be1c-c47954ec3bdc","True","ILCSDC0.critsol.net","System.Byte[]","3273964","(12545)","12545","SuccessAudit","An account was logged off.

Subject:
	Security ID:		S-1-5-21-3517127094-4084499969-524712262-1103
	Account Name:		driosx
	Account Domain:		CRIT
	Logon ID:		0x32e644d

Logon Type:			3

This event is generated when a logon session is destroyed. It may be positively correlated with a logon event using the Logon ID value. Logon IDs are only unique between reboots on the same computer.","Microsoft-Windows-Security-Auditing","S-1-5-21-3517127094-4084499969-524712262-1103 driosx CRIT 0x32e644d 3","4634","12/4/2019 11:56:56 AM","12/4/2019 11:56:56 AM",,,
"4627","ILCSDC0","1f44b6c9-f7b5-4049-be1c-c47954ec3bdc","True","ILCSDC0.critsol.net","System.Byte[]","3273963","(12554)","12554","SuccessAudit","Group membership information.

Subject:
	Security ID:		S-1-0-0
	Account Name:		-
	Account Domain:		-
	Logon ID:		0x0

Logon Type:			3

New Logon:
	Security ID:		S-1-5-21-3517127094-4084499969-524712262-1103
	Account Name:		driosx
	Account Domain:		CRITSOL.NET
	Logon ID:		0x32e80fd

Event in sequence:		1 of 1

Group Membership:			
		%{S-1-5-21-3517127094-4084499969-524712262-513}
		%{S-1-1-0}
		%{S-1-5-32-545}
		%{S-1-5-32-554}
		%{S-1-5-32-544}
		%{S-1-5-32-548}
		%{S-1-5-32-550}
		%{S-1-5-32-555}
		%{S-1-5-32-556}
		%{S-1-5-32-558}
		%{S-1-5-32-559}
		%{S-1-5-32-568}
		%{S-1-5-32-573}
		%{S-1-5-32-580}
		%{S-1-5-32-549}
		%{S-1-5-2}
		%{S-1-5-11}
		%{S-1-5-15}
		%{S-1-5-21-3517127094-4084499969-524712262-512}
		%{S-1-5-21-3517127094-4084499969-524712262-1131}
		%{S-1-5-21-3517127094-4084499969-524712262-1104}
		%{S-1-5-21-3517127094-4084499969-524712262-1118}
		%{S-1-5-21-3517127094-4084499969-524712262-1112}
		%{S-1-5-21-3517127094-4084499969-524712262-520}
		%{S-1-5-21-3517127094-4084499969-524712262-1119}
		%{S-1-18-1}
		%{S-1-5-21-3517127094-4084499969-524712262-572}
		%{S-1-5-21-3517127094-4084499969-524712262-1101}
		%{S-1-5-21-3517127094-4084499969-524712262-1106}
		%{S-1-16-12288}

The subject fields indicate the account on the local system which requested the logon. This is most commonly a service such as the Server service, or a local process such as Winlogon.exe or Services.exe.

The logon type field indicates the kind of logon that occurred. The most common types are 2 (interactive) and 3 (network).

The New Logon fields indicate the account for whom the new logon was created, i.e. the account that was logged on.

This event is generated when the Audit Group Membership subcategory is configured.  The Logon ID field can be used to correlate this event with the corresponding user logon event as well as to any other security audit events generated during this logon session.","Microsoft-Windows-Security-Auditing","S-1-0-0 - - 0x0 S-1-5-21-3517127094-4084499969-524712262-1103 driosx CRITSOL.NET 0x32e80fd 3 1 1 
		%{S-1-5-21-3517127094-4084499969-524712262-513}
		%{S-1-1-0}
		%{S-1-5-32-545}
		%{S-1-5-32-554}
		%{S-1-5-32-544}
		%{S-1-5-32-548}
		%{S-1-5-32-550}
		%{S-1-5-32-555}
		%{S-1-5-32-556}
		%{S-1-5-32-558}
		%{S-1-5-32-559}
		%{S-1-5-32-568}
		%{S-1-5-32-573}
		%{S-1-5-32-580}
		%{S-1-5-32-549}
		%{S-1-5-2}
		%{S-1-5-11}
		%{S-1-5-15}
		%{S-1-5-21-3517127094-4084499969-524712262-512}
		%{S-1-5-21-3517127094-4084499969-524712262-1131}
		%{S-1-5-21-3517127094-4084499969-524712262-1104}
		%{S-1-5-21-3517127094-4084499969-524712262-1118}
		%{S-1-5-21-3517127094-4084499969-524712262-1112}
		%{S-1-5-21-3517127094-4084499969-524712262-520}
		%{S-1-5-21-3517127094-4084499969-524712262-1119}
		%{S-1-18-1}
		%{S-1-5-21-3517127094-4084499969-524712262-572}
		%{S-1-5-21-3517127094-4084499969-524712262-1101}
		%{S-1-5-21-3517127094-4084499969-524712262-1106}
		%{S-1-16-12288}","4627","12/4/2019 11:56:56 AM","12/4/2019 11:56:56 AM",,,
"4624","ILCSDC0","1f44b6c9-f7b5-4049-be1c-c47954ec3bdc","True","ILCSDC0.critsol.net","System.Byte[]","3273962","(12544)","12544","SuccessAudit","An account was successfully logged on.

Subject:
	Security ID:		S-1-0-0
	Account Name:		-
	Account Domain:		-
	Logon ID:		0x0

Logon Information:
	Logon Type:		3
	Restricted Admin Mode:	-
	Virtual Account:		%%1843
	Elevated Token:		%%1842

Impersonation Level:		%%1840

New Logon:
	Security ID:		S-1-5-21-3517127094-4084499969-524712262-1103
	Account Name:		driosx
	Account Domain:		CRITSOL.NET
	Logon ID:		0x32e80fd
	Linked Logon ID:		0x0
	Network Account Name:	-
	Network Account Domain:	-
	Logon GUID:		{E27B3386-912F-F085-CD69-0874C759F863}

Process Information:
	Process ID:		0x0
	Process Name:		-

Network Information:
	Workstation Name:	-
	Source Network Address:	-
	Source Port:		-

Detailed Authentication Information:
	Logon Process:		Kerberos
	Authentication Package:	Kerberos
	Transited Services:	-
	Package Name (NTLM only):	-
	Key Length:		0

This event is generated when a logon session is created. It is generated on the computer that was accessed.

The subject fields indicate the account on the local system which requested the logon. This is most commonly a service such as the Server service, or a local process such as Winlogon.exe or Services.exe.

The logon type field indicates the kind of logon that occurred. The most common types are 2 (interactive) and 3 (network).

The New Logon fields indicate the account for whom the new logon was created, i.e. the account that was logged on.

The network fields indicate where a remote logon request originated. Workstation name is not always available and may be left blank in some cases.

The impersonation level field indicates the extent to which a process in the logon session can impersonate.

The authentication information fields provide detailed information about this specific logon request.
	- Logon GUID is a unique identifier that can be used to correlate this event with a KDC event.
	- Transited services indicate which intermediate services have participated in this logon request.
	- Package name indicates which sub-protocol was used among the NTLM protocols.
	- Key length indicates the length of the generated session key. This will be 0 if no session key was requested.","Microsoft-Windows-Security-Auditing","S-1-0-0 - - 0x0 S-1-5-21-3517127094-4084499969-524712262-1103 driosx CRITSOL.NET 0x32e80fd 3 Kerberos Kerberos - {E27B3386-912F-F085-CD69-0874C759F863} - - 0 0x0 - - - %%1840 - - - %%1843 0x0 %%1842","4624","12/4/2019 11:56:56 AM","12/4/2019 11:56:56 AM",,,
"4672","ILCSDC0","1f44b6c9-f7b5-4049-be1c-c47954ec3bdc","True","ILCSDC0.critsol.net","System.Byte[]","3273961","(12548)","12548","SuccessAudit","Special privileges assigned to new logon.

Subject:
	Security ID:		S-1-5-21-3517127094-4084499969-524712262-1103
	Account Name:		driosx
	Account Domain:		CRIT
	Logon ID:		0x32e80fd

Privileges:		SeSecurityPrivilege
			SeBackupPrivilege
			SeRestorePrivilege
			SeTakeOwnershipPrivilege
			SeDebugPrivilege
			SeSystemEnvironmentPrivilege
			SeLoadDriverPrivilege
			SeImpersonatePrivilege
			SeDelegateSessionUserImpersonatePrivilege
			SeEnableDelegationPrivilege","Microsoft-Windows-Security-Auditing","S-1-5-21-3517127094-4084499969-524712262-1103 driosx CRIT 0x32e80fd SeSecurityPrivilege
			SeBackupPrivilege
			SeRestorePrivilege
			SeTakeOwnershipPrivilege
			SeDebugPrivilege
			SeSystemEnvironmentPrivilege
			SeLoadDriverPrivilege
			SeImpersonatePrivilege
			SeDelegateSessionUserImpersonatePrivilege
			SeEnableDelegationPrivilege","4672","12/4/2019 11:56:56 AM","12/4/2019 11:56:56 AM",,,
"4627","ILCSDC0","1f44b6c9-f7b5-4049-be1c-c47954ec3bdc","True","ILCSDC0.critsol.net","System.Byte[]","3273960","(12554)","12554","SuccessAudit","Group membership information.

Subject:
	Security ID:		S-1-0-0
	Account Name:		-
	Account Domain:		-
	Logon ID:		0x0

Logon Type:			3

New Logon:
	Security ID:		S-1-5-21-3517127094-4084499969-524712262-1103
	Account Name:		driosx
	Account Domain:		CRITSOL.NET
	Logon ID:		0x32e80ea

Event in sequence:		1 of 1

Group Membership:			
		%{S-1-5-21-3517127094-4084499969-524712262-513}
		%{S-1-1-0}
		%{S-1-5-32-545}
		%{S-1-5-32-554}
		%{S-1-5-32-544}
		%{S-1-5-32-548}
		%{S-1-5-32-550}
		%{S-1-5-32-555}
		%{S-1-5-32-556}
		%{S-1-5-32-558}
		%{S-1-5-32-559}
		%{S-1-5-32-568}
		%{S-1-5-32-573}
		%{S-1-5-32-580}
		%{S-1-5-32-549}
		%{S-1-5-2}
		%{S-1-5-11}
		%{S-1-5-15}
		%{S-1-5-21-3517127094-4084499969-524712262-512}
		%{S-1-5-21-3517127094-4084499969-524712262-1131}
		%{S-1-5-21-3517127094-4084499969-524712262-1104}
		%{S-1-5-21-3517127094-4084499969-524712262-1118}
		%{S-1-5-21-3517127094-4084499969-524712262-1112}
		%{S-1-5-21-3517127094-4084499969-524712262-520}
		%{S-1-5-21-3517127094-4084499969-524712262-1119}
		%{S-1-18-1}
		%{S-1-5-21-3517127094-4084499969-524712262-572}
		%{S-1-5-21-3517127094-4084499969-524712262-1101}
		%{S-1-5-21-3517127094-4084499969-524712262-1106}
		%{S-1-16-12288}

The subject fields indicate the account on the local system which requested the logon. This is most commonly a service such as the Server service, or a local process such as Winlogon.exe or Services.exe.

The logon type field indicates the kind of logon that occurred. The most common types are 2 (interactive) and 3 (network).

The New Logon fields indicate the account for whom the new logon was created, i.e. the account that was logged on.

This event is generated when the Audit Group Membership subcategory is configured.  The Logon ID field can be used to correlate this event with the corresponding user logon event as well as to any other security audit events generated during this logon session.","Microsoft-Windows-Security-Auditing","S-1-0-0 - - 0x0 S-1-5-21-3517127094-4084499969-524712262-1103 driosx CRITSOL.NET 0x32e80ea 3 1 1 
		%{S-1-5-21-3517127094-4084499969-524712262-513}
		%{S-1-1-0}
		%{S-1-5-32-545}
		%{S-1-5-32-554}
		%{S-1-5-32-544}
		%{S-1-5-32-548}
		%{S-1-5-32-550}
		%{S-1-5-32-555}
		%{S-1-5-32-556}
		%{S-1-5-32-558}
		%{S-1-5-32-559}
		%{S-1-5-32-568}
		%{S-1-5-32-573}
		%{S-1-5-32-580}
		%{S-1-5-32-549}
		%{S-1-5-2}
		%{S-1-5-11}
		%{S-1-5-15}
		%{S-1-5-21-3517127094-4084499969-524712262-512}
		%{S-1-5-21-3517127094-4084499969-524712262-1131}
		%{S-1-5-21-3517127094-4084499969-524712262-1104}
		%{S-1-5-21-3517127094-4084499969-524712262-1118}
		%{S-1-5-21-3517127094-4084499969-524712262-1112}
		%{S-1-5-21-3517127094-4084499969-524712262-520}
		%{S-1-5-21-3517127094-4084499969-524712262-1119}
		%{S-1-18-1}
		%{S-1-5-21-3517127094-4084499969-524712262-572}
		%{S-1-5-21-3517127094-4084499969-524712262-1101}
		%{S-1-5-21-3517127094-4084499969-524712262-1106}
		%{S-1-16-12288}","4627","12/4/2019 11:56:56 AM","12/4/2019 11:56:56 AM",,,
"4624","ILCSDC0","1f44b6c9-f7b5-4049-be1c-c47954ec3bdc","True","ILCSDC0.critsol.net","System.Byte[]","3273959","(12544)","12544","SuccessAudit","An account was successfully logged on.

Subject:
	Security ID:		S-1-0-0
	Account Name:		-
	Account Domain:		-
	Logon ID:		0x0

Logon Information:
	Logon Type:		3
	Restricted Admin Mode:	-
	Virtual Account:		%%1843
	Elevated Token:		%%1842

Impersonation Level:		%%1840

New Logon:
	Security ID:		S-1-5-21-3517127094-4084499969-524712262-1103
	Account Name:		driosx
	Account Domain:		CRITSOL.NET
	Logon ID:		0x32e80ea
	Linked Logon ID:		0x0
	Network Account Name:	-
	Network Account Domain:	-
	Logon GUID:		{E27B3386-912F-F085-CD69-0874C759F863}

Process Information:
	Process ID:		0x0
	Process Name:		-

Network Information:
	Workstation Name:	-
	Source Network Address:	-
	Source Port:		-

Detailed Authentication Information:
	Logon Process:		Kerberos
	Authentication Package:	Kerberos
	Transited Services:	-
	Package Name (NTLM only):	-
	Key Length:		0

This event is generated when a logon session is created. It is generated on the computer that was accessed.

The subject fields indicate the account on the local system which requested the logon. This is most commonly a service such as the Server service, or a local process such as Winlogon.exe or Services.exe.

The logon type field indicates the kind of logon that occurred. The most common types are 2 (interactive) and 3 (network).

The New Logon fields indicate the account for whom the new logon was created, i.e. the account that was logged on.

The network fields indicate where a remote logon request originated. Workstation name is not always available and may be left blank in some cases.

The impersonation level field indicates the extent to which a process in the logon session can impersonate.

The authentication information fields provide detailed information about this specific logon request.
	- Logon GUID is a unique identifier that can be used to correlate this event with a KDC event.
	- Transited services indicate which intermediate services have participated in this logon request.
	- Package name indicates which sub-protocol was used among the NTLM protocols.
	- Key length indicates the length of the generated session key. This will be 0 if no session key was requested.","Microsoft-Windows-Security-Auditing","S-1-0-0 - - 0x0 S-1-5-21-3517127094-4084499969-524712262-1103 driosx CRITSOL.NET 0x32e80ea 3 Kerberos Kerberos - {E27B3386-912F-F085-CD69-0874C759F863} - - 0 0x0 - - - %%1840 - - - %%1843 0x0 %%1842","4624","12/4/2019 11:56:56 AM","12/4/2019 11:56:56 AM",,,
"4672","ILCSDC0","1f44b6c9-f7b5-4049-be1c-c47954ec3bdc","True","ILCSDC0.critsol.net","System.Byte[]","3273958","(12548)","12548","SuccessAudit","Special privileges assigned to new logon.

Subject:
	Security ID:		S-1-5-21-3517127094-4084499969-524712262-1103
	Account Name:		driosx
	Account Domain:		CRIT
	Logon ID:		0x32e80ea

Privileges:		SeSecurityPrivilege
			SeBackupPrivilege
			SeRestorePrivilege
			SeTakeOwnershipPrivilege
			SeDebugPrivilege
			SeSystemEnvironmentPrivilege
			SeLoadDriverPrivilege
			SeImpersonatePrivilege
			SeDelegateSessionUserImpersonatePrivilege
			SeEnableDelegationPrivilege","Microsoft-Windows-Security-Auditing","S-1-5-21-3517127094-4084499969-524712262-1103 driosx CRIT 0x32e80ea SeSecurityPrivilege
			SeBackupPrivilege
			SeRestorePrivilege
			SeTakeOwnershipPrivilege
			SeDebugPrivilege
			SeSystemEnvironmentPrivilege
			SeLoadDriverPrivilege
			SeImpersonatePrivilege
			SeDelegateSessionUserImpersonatePrivilege
			SeEnableDelegationPrivilege","4672","12/4/2019 11:56:56 AM","12/4/2019 11:56:56 AM",,,
"4627","ILCSDC0","1f44b6c9-f7b5-4049-be1c-c47954ec3bdc","True","ILCSDC0.critsol.net","System.Byte[]","3273957","(12554)","12554","SuccessAudit","Group membership information.

Subject:
	Security ID:		S-1-0-0
	Account Name:		-
	Account Domain:		-
	Logon ID:		0x0

Logon Type:			3

New Logon:
	Security ID:		S-1-5-21-3517127094-4084499969-524712262-1103
	Account Name:		driosx
	Account Domain:		CRITSOL.NET
	Logon ID:		0x32e644d

Event in sequence:		1 of 1

Group Membership:			
		%{S-1-5-21-3517127094-4084499969-524712262-513}
		%{S-1-1-0}
		%{S-1-5-32-545}
		%{S-1-5-32-554}
		%{S-1-5-32-544}
		%{S-1-5-32-548}
		%{S-1-5-32-550}
		%{S-1-5-32-555}
		%{S-1-5-32-556}
		%{S-1-5-32-558}
		%{S-1-5-32-559}
		%{S-1-5-32-568}
		%{S-1-5-32-573}
		%{S-1-5-32-580}
		%{S-1-5-32-549}
		%{S-1-5-2}
		%{S-1-5-11}
		%{S-1-5-15}
		%{S-1-5-21-3517127094-4084499969-524712262-512}
		%{S-1-5-21-3517127094-4084499969-524712262-1131}
		%{S-1-5-21-3517127094-4084499969-524712262-1104}
		%{S-1-5-21-3517127094-4084499969-524712262-1118}
		%{S-1-5-21-3517127094-4084499969-524712262-1112}
		%{S-1-5-21-3517127094-4084499969-524712262-520}
		%{S-1-5-21-3517127094-4084499969-524712262-1119}
		%{S-1-18-1}
		%{S-1-5-21-3517127094-4084499969-524712262-572}
		%{S-1-5-21-3517127094-4084499969-524712262-1101}
		%{S-1-5-21-3517127094-4084499969-524712262-1106}
		%{S-1-16-12288}

The subject fields indicate the account on the local system which requested the logon. This is most commonly a service such as the Server service, or a local process such as Winlogon.exe or Services.exe.

The logon type field indicates the kind of logon that occurred. The most common types are 2 (interactive) and 3 (network).

The New Logon fields indicate the account for whom the new logon was created, i.e. the account that was logged on.

This event is generated when the Audit Group Membership subcategory is configured.  The Logon ID field can be used to correlate this event with the corresponding user logon event as well as to any other security audit events generated during this logon session.","Microsoft-Windows-Security-Auditing","S-1-0-0 - - 0x0 S-1-5-21-3517127094-4084499969-524712262-1103 driosx CRITSOL.NET 0x32e644d 3 1 1 
		%{S-1-5-21-3517127094-4084499969-524712262-513}
		%{S-1-1-0}
		%{S-1-5-32-545}
		%{S-1-5-32-554}
		%{S-1-5-32-544}
		%{S-1-5-32-548}
		%{S-1-5-32-550}
		%{S-1-5-32-555}
		%{S-1-5-32-556}
		%{S-1-5-32-558}
		%{S-1-5-32-559}
		%{S-1-5-32-568}
		%{S-1-5-32-573}
		%{S-1-5-32-580}
		%{S-1-5-32-549}
		%{S-1-5-2}
		%{S-1-5-11}
		%{S-1-5-15}
		%{S-1-5-21-3517127094-4084499969-524712262-512}
		%{S-1-5-21-3517127094-4084499969-524712262-1131}
		%{S-1-5-21-3517127094-4084499969-524712262-1104}
		%{S-1-5-21-3517127094-4084499969-524712262-1118}
		%{S-1-5-21-3517127094-4084499969-524712262-1112}
		%{S-1-5-21-3517127094-4084499969-524712262-520}
		%{S-1-5-21-3517127094-4084499969-524712262-1119}
		%{S-1-18-1}
		%{S-1-5-21-3517127094-4084499969-524712262-572}
		%{S-1-5-21-3517127094-4084499969-524712262-1101}
		%{S-1-5-21-3517127094-4084499969-524712262-1106}
		%{S-1-16-12288}","4627","12/4/2019 11:56:54 AM","12/4/2019 11:56:54 AM",,,
"4624","ILCSDC0","1f44b6c9-f7b5-4049-be1c-c47954ec3bdc","True","ILCSDC0.critsol.net","System.Byte[]","3273956","(12544)","12544","SuccessAudit","An account was successfully logged on.

Subject:
	Security ID:		S-1-0-0
	Account Name:		-
	Account Domain:		-
	Logon ID:		0x0

Logon Information:
	Logon Type:		3
	Restricted Admin Mode:	-
	Virtual Account:		%%1843
	Elevated Token:		%%1842

Impersonation Level:		%%1840

New Logon:
	Security ID:		S-1-5-21-3517127094-4084499969-524712262-1103
	Account Name:		driosx
	Account Domain:		CRITSOL.NET
	Logon ID:		0x32e644d
	Linked Logon ID:		0x0
	Network Account Name:	-
	Network Account Domain:	-
	Logon GUID:		{E27B3386-912F-F085-CD69-0874C759F863}

Process Information:
	Process ID:		0x0
	Process Name:		-

Network Information:
	Workstation Name:	-
	Source Network Address:	-
	Source Port:		-

Detailed Authentication Information:
	Logon Process:		Kerberos
	Authentication Package:	Kerberos
	Transited Services:	-
	Package Name (NTLM only):	-
	Key Length:		0

This event is generated when a logon session is created. It is generated on the computer that was accessed.

The subject fields indicate the account on the local system which requested the logon. This is most commonly a service such as the Server service, or a local process such as Winlogon.exe or Services.exe.

The logon type field indicates the kind of logon that occurred. The most common types are 2 (interactive) and 3 (network).

The New Logon fields indicate the account for whom the new logon was created, i.e. the account that was logged on.

The network fields indicate where a remote logon request originated. Workstation name is not always available and may be left blank in some cases.

The impersonation level field indicates the extent to which a process in the logon session can impersonate.

The authentication information fields provide detailed information about this specific logon request.
	- Logon GUID is a unique identifier that can be used to correlate this event with a KDC event.
	- Transited services indicate which intermediate services have participated in this logon request.
	- Package name indicates which sub-protocol was used among the NTLM protocols.
	- Key length indicates the length of the generated session key. This will be 0 if no session key was requested.","Microsoft-Windows-Security-Auditing","S-1-0-0 - - 0x0 S-1-5-21-3517127094-4084499969-524712262-1103 driosx CRITSOL.NET 0x32e644d 3 Kerberos Kerberos - {E27B3386-912F-F085-CD69-0874C759F863} - - 0 0x0 - - - %%1840 - - - %%1843 0x0 %%1842","4624","12/4/2019 11:56:54 AM","12/4/2019 11:56:54 AM",,,
"4672","ILCSDC0","1f44b6c9-f7b5-4049-be1c-c47954ec3bdc","True","ILCSDC0.critsol.net","System.Byte[]","3273955","(12548)","12548","SuccessAudit","Special privileges assigned to new logon.

Subject:
	Security ID:		S-1-5-21-3517127094-4084499969-524712262-1103
	Account Name:		driosx
	Account Domain:		CRIT
	Logon ID:		0x32e644d

Privileges:		SeSecurityPrivilege
			SeBackupPrivilege
			SeRestorePrivilege
			SeTakeOwnershipPrivilege
			SeDebugPrivilege
			SeSystemEnvironmentPrivilege
			SeLoadDriverPrivilege
			SeImpersonatePrivilege
			SeDelegateSessionUserImpersonatePrivilege
			SeEnableDelegationPrivilege","Microsoft-Windows-Security-Auditing","S-1-5-21-3517127094-4084499969-524712262-1103 driosx CRIT 0x32e644d SeSecurityPrivilege
			SeBackupPrivilege
			SeRestorePrivilege
			SeTakeOwnershipPrivilege
			SeDebugPrivilege
			SeSystemEnvironmentPrivilege
			SeLoadDriverPrivilege
			SeImpersonatePrivilege
			SeDelegateSessionUserImpersonatePrivilege
			SeEnableDelegationPrivilege","4672","12/4/2019 11:56:54 AM","12/4/2019 11:56:54 AM",,,
"4627","ILCSDC0","1f44b6c9-f7b5-4049-be1c-c47954ec3bdc","True","ILCSDC0.critsol.net","System.Byte[]","3273954","(12554)","12554","SuccessAudit","Group membership information.

Subject:
	Security ID:		S-1-0-0
	Account Name:		-
	Account Domain:		-
	Logon ID:		0x0

Logon Type:			3

New Logon:
	Security ID:		S-1-5-21-3517127094-4084499969-524712262-1103
	Account Name:		driosx
	Account Domain:		CRITSOL.NET
	Logon ID:		0x32e6143

Event in sequence:		1 of 1

Group Membership:			
		%{S-1-5-21-3517127094-4084499969-524712262-513}
		%{S-1-1-0}
		%{S-1-5-32-545}
		%{S-1-5-32-554}
		%{S-1-5-32-544}
		%{S-1-5-32-548}
		%{S-1-5-32-550}
		%{S-1-5-32-555}
		%{S-1-5-32-556}
		%{S-1-5-32-558}
		%{S-1-5-32-559}
		%{S-1-5-32-568}
		%{S-1-5-32-573}
		%{S-1-5-32-580}
		%{S-1-5-32-549}
		%{S-1-5-2}
		%{S-1-5-11}
		%{S-1-5-15}
		%{S-1-5-21-3517127094-4084499969-524712262-512}
		%{S-1-5-21-3517127094-4084499969-524712262-1131}
		%{S-1-5-21-3517127094-4084499969-524712262-1104}
		%{S-1-5-21-3517127094-4084499969-524712262-1118}
		%{S-1-5-21-3517127094-4084499969-524712262-1112}
		%{S-1-5-21-3517127094-4084499969-524712262-520}
		%{S-1-5-21-3517127094-4084499969-524712262-1119}
		%{S-1-18-1}
		%{S-1-5-21-3517127094-4084499969-524712262-572}
		%{S-1-5-21-3517127094-4084499969-524712262-1101}
		%{S-1-5-21-3517127094-4084499969-524712262-1106}
		%{S-1-16-12288}

The subject fields indicate the account on the local system which requested the logon. This is most commonly a service such as the Server service, or a local process such as Winlogon.exe or Services.exe.

The logon type field indicates the kind of logon that occurred. The most common types are 2 (interactive) and 3 (network).

The New Logon fields indicate the account for whom the new logon was created, i.e. the account that was logged on.

This event is generated when the Audit Group Membership subcategory is configured.  The Logon ID field can be used to correlate this event with the corresponding user logon event as well as to any other security audit events generated during this logon session.","Microsoft-Windows-Security-Auditing","S-1-0-0 - - 0x0 S-1-5-21-3517127094-4084499969-524712262-1103 driosx CRITSOL.NET 0x32e6143 3 1 1 
		%{S-1-5-21-3517127094-4084499969-524712262-513}
		%{S-1-1-0}
		%{S-1-5-32-545}
		%{S-1-5-32-554}
		%{S-1-5-32-544}
		%{S-1-5-32-548}
		%{S-1-5-32-550}
		%{S-1-5-32-555}
		%{S-1-5-32-556}
		%{S-1-5-32-558}
		%{S-1-5-32-559}
		%{S-1-5-32-568}
		%{S-1-5-32-573}
		%{S-1-5-32-580}
		%{S-1-5-32-549}
		%{S-1-5-2}
		%{S-1-5-11}
		%{S-1-5-15}
		%{S-1-5-21-3517127094-4084499969-524712262-512}
		%{S-1-5-21-3517127094-4084499969-524712262-1131}
		%{S-1-5-21-3517127094-4084499969-524712262-1104}
		%{S-1-5-21-3517127094-4084499969-524712262-1118}
		%{S-1-5-21-3517127094-4084499969-524712262-1112}
		%{S-1-5-21-3517127094-4084499969-524712262-520}
		%{S-1-5-21-3517127094-4084499969-524712262-1119}
		%{S-1-18-1}
		%{S-1-5-21-3517127094-4084499969-524712262-572}
		%{S-1-5-21-3517127094-4084499969-524712262-1101}
		%{S-1-5-21-3517127094-4084499969-524712262-1106}
		%{S-1-16-12288}","4627","12/4/2019 11:56:54 AM","12/4/2019 11:56:54 AM",,,
"4624","ILCSDC0","1f44b6c9-f7b5-4049-be1c-c47954ec3bdc","True","ILCSDC0.critsol.net","System.Byte[]","3273953","(12544)","12544","SuccessAudit","An account was successfully logged on.

Subject:
	Security ID:		S-1-0-0
	Account Name:		-
	Account Domain:		-
	Logon ID:		0x0

Logon Information:
	Logon Type:		3
	Restricted Admin Mode:	-
	Virtual Account:		%%1843
	Elevated Token:		%%1842

Impersonation Level:		%%1840

New Logon:
	Security ID:		S-1-5-21-3517127094-4084499969-524712262-1103
	Account Name:		driosx
	Account Domain:		CRITSOL.NET
	Logon ID:		0x32e6143
	Linked Logon ID:		0x0
	Network Account Name:	-
	Network Account Domain:	-
	Logon GUID:		{E27B3386-912F-F085-CD69-0874C759F863}

Process Information:
	Process ID:		0x0
	Process Name:		-

Network Information:
	Workstation Name:	-
	Source Network Address:	-
	Source Port:		-

Detailed Authentication Information:
	Logon Process:		Kerberos
	Authentication Package:	Kerberos
	Transited Services:	-
	Package Name (NTLM only):	-
	Key Length:		0

This event is generated when a logon session is created. It is generated on the computer that was accessed.

The subject fields indicate the account on the local system which requested the logon. This is most commonly a service such as the Server service, or a local process such as Winlogon.exe or Services.exe.

The logon type field indicates the kind of logon that occurred. The most common types are 2 (interactive) and 3 (network).

The New Logon fields indicate the account for whom the new logon was created, i.e. the account that was logged on.

The network fields indicate where a remote logon request originated. Workstation name is not always available and may be left blank in some cases.

The impersonation level field indicates the extent to which a process in the logon session can impersonate.

The authentication information fields provide detailed information about this specific logon request.
	- Logon GUID is a unique identifier that can be used to correlate this event with a KDC event.
	- Transited services indicate which intermediate services have participated in this logon request.
	- Package name indicates which sub-protocol was used among the NTLM protocols.
	- Key length indicates the length of the generated session key. This will be 0 if no session key was requested.","Microsoft-Windows-Security-Auditing","S-1-0-0 - - 0x0 S-1-5-21-3517127094-4084499969-524712262-1103 driosx CRITSOL.NET 0x32e6143 3 Kerberos Kerberos - {E27B3386-912F-F085-CD69-0874C759F863} - - 0 0x0 - - - %%1840 - - - %%1843 0x0 %%1842","4624","12/4/2019 11:56:54 AM","12/4/2019 11:56:54 AM",,,
"4672","ILCSDC0","1f44b6c9-f7b5-4049-be1c-c47954ec3bdc","True","ILCSDC0.critsol.net","System.Byte[]","3273952","(12548)","12548","SuccessAudit","Special privileges assigned to new logon.

Subject:
	Security ID:		S-1-5-21-3517127094-4084499969-524712262-1103
	Account Name:		driosx
	Account Domain:		CRIT
	Logon ID:		0x32e6143

Privileges:		SeSecurityPrivilege
			SeBackupPrivilege
			SeRestorePrivilege
			SeTakeOwnershipPrivilege
			SeDebugPrivilege
			SeSystemEnvironmentPrivilege
			SeLoadDriverPrivilege
			SeImpersonatePrivilege
			SeDelegateSessionUserImpersonatePrivilege
			SeEnableDelegationPrivilege","Microsoft-Windows-Security-Auditing","S-1-5-21-3517127094-4084499969-524712262-1103 driosx CRIT 0x32e6143 SeSecurityPrivilege
			SeBackupPrivilege
			SeRestorePrivilege
			SeTakeOwnershipPrivilege
			SeDebugPrivilege
			SeSystemEnvironmentPrivilege
			SeLoadDriverPrivilege
			SeImpersonatePrivilege
			SeDelegateSessionUserImpersonatePrivilege
			SeEnableDelegationPrivilege","4672","12/4/2019 11:56:54 AM","12/4/2019 11:56:54 AM",,,
"4634","ILCSDC0","1f44b6c9-f7b5-4049-be1c-c47954ec3bdc","True","ILCSDC0.critsol.net","System.Byte[]","3273951","(12545)","12545","SuccessAudit","An account was logged off.

Subject:
	Security ID:		S-1-5-18
	Account Name:		ILCSDC0$
	Account Domain:		CRIT
	Logon ID:		0x32df9fb

Logon Type:			3

This event is generated when a logon session is destroyed. It may be positively correlated with a logon event using the Logon ID value. Logon IDs are only unique between reboots on the same computer.","Microsoft-Windows-Security-Auditing","S-1-5-18 ILCSDC0$ CRIT 0x32df9fb 3","4634","12/4/2019 11:56:49 AM","12/4/2019 11:56:49 AM",,,
"4627","ILCSDC0","1f44b6c9-f7b5-4049-be1c-c47954ec3bdc","True","ILCSDC0.critsol.net","System.Byte[]","3273950","(12554)","12554","SuccessAudit","Group membership information.

Subject:
	Security ID:		S-1-0-0
	Account Name:		-
	Account Domain:		-
	Logon ID:		0x0

Logon Type:			3

New Logon:
	Security ID:		S-1-5-18
	Account Name:		ILCSDC0$
	Account Domain:		CRITSOL.NET
	Logon ID:		0x32df9fb

Event in sequence:		1 of 1

Group Membership:			
		%{S-1-5-32-544}
		%{S-1-1-0}
		%{S-1-5-32-554}
		%{S-1-5-32-545}
		%{S-1-5-32-560}
		%{S-1-5-2}
		%{S-1-5-11}
		%{S-1-5-15}
		%{S-1-5-21-3517127094-4084499969-524712262-1000}
		%{S-1-5-21-3517127094-4084499969-524712262-516}
		%{S-1-5-9}
		%{S-1-18-1}
		%{S-1-5-21-3517127094-4084499969-524712262-572}
		%{S-1-16-16384}

The subject fields indicate the account on the local system which requested the logon. This is most commonly a service such as the Server service, or a local process such as Winlogon.exe or Services.exe.

The logon type field indicates the kind of logon that occurred. The most common types are 2 (interactive) and 3 (network).

The New Logon fields indicate the account for whom the new logon was created, i.e. the account that was logged on.

This event is generated when the Audit Group Membership subcategory is configured.  The Logon ID field can be used to correlate this event with the corresponding user logon event as well as to any other security audit events generated during this logon session.","Microsoft-Windows-Security-Auditing","S-1-0-0 - - 0x0 S-1-5-18 ILCSDC0$ CRITSOL.NET 0x32df9fb 3 1 1 
		%{S-1-5-32-544}
		%{S-1-1-0}
		%{S-1-5-32-554}
		%{S-1-5-32-545}
		%{S-1-5-32-560}
		%{S-1-5-2}
		%{S-1-5-11}
		%{S-1-5-15}
		%{S-1-5-21-3517127094-4084499969-524712262-1000}
		%{S-1-5-21-3517127094-4084499969-524712262-516}
		%{S-1-5-9}
		%{S-1-18-1}
		%{S-1-5-21-3517127094-4084499969-524712262-572}
		%{S-1-16-16384}","4627","12/4/2019 11:56:49 AM","12/4/2019 11:56:49 AM",,,
"4624","ILCSDC0","1f44b6c9-f7b5-4049-be1c-c47954ec3bdc","True","ILCSDC0.critsol.net","System.Byte[]","3273949","(12544)","12544","SuccessAudit","An account was successfully logged on.

Subject:
	Security ID:		S-1-0-0
	Account Name:		-
	Account Domain:		-
	Logon ID:		0x0

Logon Information:
	Logon Type:		3
	Restricted Admin Mode:	-
	Virtual Account:		%%1843
	Elevated Token:		%%1842

Impersonation Level:		%%1833

New Logon:
	Security ID:		S-1-5-18
	Account Name:		ILCSDC0$
	Account Domain:		CRITSOL.NET
	Logon ID:		0x32df9fb
	Linked Logon ID:		0x0
	Network Account Name:	-
	Network Account Domain:	-
	Logon GUID:		{B48DDFAD-2EA1-CCDB-81AC-378CF028C8A6}

Process Information:
	Process ID:		0x0
	Process Name:		-

Network Information:
	Workstation Name:	-
	Source Network Address:	::1
	Source Port:		57754

Detailed Authentication Information:
	Logon Process:		Kerberos
	Authentication Package:	Kerberos
	Transited Services:	-
	Package Name (NTLM only):	-
	Key Length:		0

This event is generated when a logon session is created. It is generated on the computer that was accessed.

The subject fields indicate the account on the local system which requested the logon. This is most commonly a service such as the Server service, or a local process such as Winlogon.exe or Services.exe.

The logon type field indicates the kind of logon that occurred. The most common types are 2 (interactive) and 3 (network).

The New Logon fields indicate the account for whom the new logon was created, i.e. the account that was logged on.

The network fields indicate where a remote logon request originated. Workstation name is not always available and may be left blank in some cases.

The impersonation level field indicates the extent to which a process in the logon session can impersonate.

The authentication information fields provide detailed information about this specific logon request.
	- Logon GUID is a unique identifier that can be used to correlate this event with a KDC event.
	- Transited services indicate which intermediate services have participated in this logon request.
	- Package name indicates which sub-protocol was used among the NTLM protocols.
	- Key length indicates the length of the generated session key. This will be 0 if no session key was requested.","Microsoft-Windows-Security-Auditing","S-1-0-0 - - 0x0 S-1-5-18 ILCSDC0$ CRITSOL.NET 0x32df9fb 3 Kerberos Kerberos - {B48DDFAD-2EA1-CCDB-81AC-378CF028C8A6} - - 0 0x0 - ::1 57754 %%1833 - - - %%1843 0x0 %%1842","4624","12/4/2019 11:56:49 AM","12/4/2019 11:56:49 AM",,,
"4672","ILCSDC0","1f44b6c9-f7b5-4049-be1c-c47954ec3bdc","True","ILCSDC0.critsol.net","System.Byte[]","3273948","(12548)","12548","SuccessAudit","Special privileges assigned to new logon.

Subject:
	Security ID:		S-1-5-18
	Account Name:		ILCSDC0$
	Account Domain:		CRIT
	Logon ID:		0x32df9fb

Privileges:		SeSecurityPrivilege
			SeBackupPrivilege
			SeRestorePrivilege
			SeTakeOwnershipPrivilege
			SeDebugPrivilege
			SeSystemEnvironmentPrivilege
			SeLoadDriverPrivilege
			SeImpersonatePrivilege
			SeDelegateSessionUserImpersonatePrivilege
			SeEnableDelegationPrivilege","Microsoft-Windows-Security-Auditing","S-1-5-18 ILCSDC0$ CRIT 0x32df9fb SeSecurityPrivilege
			SeBackupPrivilege
			SeRestorePrivilege
			SeTakeOwnershipPrivilege
			SeDebugPrivilege
			SeSystemEnvironmentPrivilege
			SeLoadDriverPrivilege
			SeImpersonatePrivilege
			SeDelegateSessionUserImpersonatePrivilege
			SeEnableDelegationPrivilege","4672","12/4/2019 11:56:49 AM","12/4/2019 11:56:49 AM",,,
"4634","ILCSDC0","1f44b6c9-f7b5-4049-be1c-c47954ec3bdc","True","ILCSDC0.critsol.net","System.Byte[]","3273947","(12545)","12545","SuccessAudit","An account was logged off.

Subject:
	Security ID:		S-1-5-21-3517127094-4084499969-524712262-1616
	Account Name:		CS-WSUS$
	Account Domain:		CRIT
	Logon ID:		0x32df1da

Logon Type:			3

This event is generated when a logon session is destroyed. It may be positively correlated with a logon event using the Logon ID value. Logon IDs are only unique between reboots on the same computer.","Microsoft-Windows-Security-Auditing","S-1-5-21-3517127094-4084499969-524712262-1616 CS-WSUS$ CRIT 0x32df1da 3","4634","12/4/2019 11:56:35 AM","12/4/2019 11:56:35 AM",,,
"4627","ILCSDC0","1f44b6c9-f7b5-4049-be1c-c47954ec3bdc","True","ILCSDC0.critsol.net","System.Byte[]","3273946","(12554)","12554","SuccessAudit","Group membership information.

Subject:
	Security ID:		S-1-0-0
	Account Name:		-
	Account Domain:		-
	Logon ID:		0x0

Logon Type:			3

New Logon:
	Security ID:		S-1-5-21-3517127094-4084499969-524712262-1616
	Account Name:		CS-WSUS$
	Account Domain:		CRITSOL.NET
	Logon ID:		0x32df1da

Event in sequence:		1 of 1

Group Membership:			
		%{S-1-5-21-3517127094-4084499969-524712262-515}
		%{S-1-1-0}
		%{S-1-5-32-554}
		%{S-1-5-32-545}
		%{S-1-5-2}
		%{S-1-5-11}
		%{S-1-5-15}
		%{S-1-18-1}
		%{S-1-16-8448}

The subject fields indicate the account on the local system which requested the logon. This is most commonly a service such as the Server service, or a local process such as Winlogon.exe or Services.exe.

The logon type field indicates the kind of logon that occurred. The most common types are 2 (interactive) and 3 (network).

The New Logon fields indicate the account for whom the new logon was created, i.e. the account that was logged on.

This event is generated when the Audit Group Membership subcategory is configured.  The Logon ID field can be used to correlate this event with the corresponding user logon event as well as to any other security audit events generated during this logon session.","Microsoft-Windows-Security-Auditing","S-1-0-0 - - 0x0 S-1-5-21-3517127094-4084499969-524712262-1616 CS-WSUS$ CRITSOL.NET 0x32df1da 3 1 1 
		%{S-1-5-21-3517127094-4084499969-524712262-515}
		%{S-1-1-0}
		%{S-1-5-32-554}
		%{S-1-5-32-545}
		%{S-1-5-2}
		%{S-1-5-11}
		%{S-1-5-15}
		%{S-1-18-1}
		%{S-1-16-8448}","4627","12/4/2019 11:56:35 AM","12/4/2019 11:56:35 AM",,,
