#TYPE Deserialized.System.Diagnostics.EventLogEntry#Security/Microsoft-Windows-Security-Auditing/4624
"EventID","PSComputerName","RunspaceId","PSShowComputerName","MachineName","Data","Index","Category","CategoryNumber","EntryType","Message","Source","ReplacementStrings","InstanceId","TimeGenerated","TimeWritten","UserName","Site","Container"
"4624","ILCSWS008","597f41b0-3695-4be7-8780-ca8963d52b4c","True","ILCSWS008.critsol.net","System.Byte[]","8317","(12544)","12544","SuccessAudit","An account was successfully logged on.

Subject:
	Security ID:		S-1-0-0
	Account Name:		-
	Account Domain:		-
	Logon ID:		0x0

Logon Type:			3

Impersonation Level:		%%1833

New Logon:
	Security ID:		S-1-5-21-3517127094-4084499969-524712262-1103
	Account Name:		driosx
	Account Domain:		CRIT
	Logon ID:		0x16125c3
	Logon GUID:		{491AEAE1-A536-0D64-108A-DA029BBBF73C}

Process Information:
	Process ID:		0x0
	Process Name:		-

Network Information:
	Workstation Name:	-
	Source Network Address:	-
	Source Port:		-

Detailed Authentication Information:
	Logon Process:		Kerberos
	Authentication Package:	Kerberos
	Transited Services:	-
	Package Name (NTLM only):	-
	Key Length:		0

This event is generated when a logon session is created. It is generated on the computer that was accessed.

The subject fields indicate the account on the local system which requested the logon. This is most commonly a service such as the Server service, or a local process such as Winlogon.exe or Services.exe.

The logon type field indicates the kind of logon that occurred. The most common types are 2 (interactive) and 3 (network).

The New Logon fields indicate the account for whom the new logon was created, i.e. the account that was logged on.

The network fields indicate where a remote logon request originated. Workstation name is not always available and may be left blank in some cases.

The impersonation level field indicates the extent to which a process in the logon session can impersonate.

The authentication information fields provide detailed information about this specific logon request.
	- Logon GUID is a unique identifier that can be used to correlate this event with a KDC event.
	- Transited services indicate which intermediate services have participated in this logon request.
	- Package name indicates which sub-protocol was used among the NTLM protocols.
	- Key length indicates the length of the generated session key. This will be 0 if no session key was requested.","Microsoft-Windows-Security-Auditing","S-1-0-0 - - 0x0 S-1-5-21-3517127094-4084499969-524712262-1103 driosx CRIT 0x16125c3 3 Kerberos Kerberos - {491AEAE1-A536-0D64-108A-DA029BBBF73C} - - 0 0x0 - - - %%1833","4624","12/4/2019 11:57:00 AM","12/4/2019 11:57:00 AM",,,
"4672","ILCSWS008","597f41b0-3695-4be7-8780-ca8963d52b4c","True","ILCSWS008.critsol.net","System.Byte[]","8316","(12548)","12548","SuccessAudit","Special privileges assigned to new logon.

Subject:
	Security ID:		S-1-5-21-3517127094-4084499969-524712262-1103
	Account Name:		driosx
	Account Domain:		CRIT
	Logon ID:		0x16125c3

Privileges:		SeSecurityPrivilege
			SeBackupPrivilege
			SeRestorePrivilege
			SeTakeOwnershipPrivilege
			SeDebugPrivilege
			SeSystemEnvironmentPrivilege
			SeLoadDriverPrivilege
			SeImpersonatePrivilege","Microsoft-Windows-Security-Auditing","S-1-5-21-3517127094-4084499969-524712262-1103 driosx CRIT 0x16125c3 SeSecurityPrivilege
			SeBackupPrivilege
			SeRestorePrivilege
			SeTakeOwnershipPrivilege
			SeDebugPrivilege
			SeSystemEnvironmentPrivilege
			SeLoadDriverPrivilege
			SeImpersonatePrivilege","4672","12/4/2019 11:57:00 AM","12/4/2019 11:57:00 AM",,,
"4634","ILCSWS008","597f41b0-3695-4be7-8780-ca8963d52b4c","True","ILCSWS008.critsol.net","System.Byte[]","8315","(12545)","12545","SuccessAudit","An account was logged off.

Subject:
	Security ID:		S-1-5-21-3517127094-4084499969-524712262-1103
	Account Name:		driosx
	Account Domain:		CRIT
	Logon ID:		0x15e0a96

Logon Type:			3

This event is generated when a logon session is destroyed. It may be positively correlated with a logon event using the Logon ID value. Logon IDs are only unique between reboots on the same computer.","Microsoft-Windows-Security-Auditing","S-1-5-21-3517127094-4084499969-524712262-1103 driosx CRIT 0x15e0a96 3","4634","12/4/2019 11:56:56 AM","12/4/2019 11:56:56 AM",,,
"4624","ILCSWS008","597f41b0-3695-4be7-8780-ca8963d52b4c","True","ILCSWS008.critsol.net","System.Byte[]","8314","(12544)","12544","SuccessAudit","An account was successfully logged on.

Subject:
	Security ID:		S-1-0-0
	Account Name:		-
	Account Domain:		-
	Logon ID:		0x0

Logon Type:			3

Impersonation Level:		%%1833

New Logon:
	Security ID:		S-1-5-21-3517127094-4084499969-524712262-1103
	Account Name:		driosx
	Account Domain:		CRIT
	Logon ID:		0x1610c67
	Logon GUID:		{491AEAE1-A536-0D64-108A-DA029BBBF73C}

Process Information:
	Process ID:		0x0
	Process Name:		-

Network Information:
	Workstation Name:	-
	Source Network Address:	-
	Source Port:		-

Detailed Authentication Information:
	Logon Process:		Kerberos
	Authentication Package:	Kerberos
	Transited Services:	-
	Package Name (NTLM only):	-
	Key Length:		0

This event is generated when a logon session is created. It is generated on the computer that was accessed.

The subject fields indicate the account on the local system which requested the logon. This is most commonly a service such as the Server service, or a local process such as Winlogon.exe or Services.exe.

The logon type field indicates the kind of logon that occurred. The most common types are 2 (interactive) and 3 (network).

The New Logon fields indicate the account for whom the new logon was created, i.e. the account that was logged on.

The network fields indicate where a remote logon request originated. Workstation name is not always available and may be left blank in some cases.

The impersonation level field indicates the extent to which a process in the logon session can impersonate.

The authentication information fields provide detailed information about this specific logon request.
	- Logon GUID is a unique identifier that can be used to correlate this event with a KDC event.
	- Transited services indicate which intermediate services have participated in this logon request.
	- Package name indicates which sub-protocol was used among the NTLM protocols.
	- Key length indicates the length of the generated session key. This will be 0 if no session key was requested.","Microsoft-Windows-Security-Auditing","S-1-0-0 - - 0x0 S-1-5-21-3517127094-4084499969-524712262-1103 driosx CRIT 0x1610c67 3 Kerberos Kerberos - {491AEAE1-A536-0D64-108A-DA029BBBF73C} - - 0 0x0 - - - %%1833","4624","12/4/2019 11:56:56 AM","12/4/2019 11:56:56 AM",,,
"4672","ILCSWS008","597f41b0-3695-4be7-8780-ca8963d52b4c","True","ILCSWS008.critsol.net","System.Byte[]","8313","(12548)","12548","SuccessAudit","Special privileges assigned to new logon.

Subject:
	Security ID:		S-1-5-21-3517127094-4084499969-524712262-1103
	Account Name:		driosx
	Account Domain:		CRIT
	Logon ID:		0x1610c67

Privileges:		SeSecurityPrivilege
			SeBackupPrivilege
			SeRestorePrivilege
			SeTakeOwnershipPrivilege
			SeDebugPrivilege
			SeSystemEnvironmentPrivilege
			SeLoadDriverPrivilege
			SeImpersonatePrivilege","Microsoft-Windows-Security-Auditing","S-1-5-21-3517127094-4084499969-524712262-1103 driosx CRIT 0x1610c67 SeSecurityPrivilege
			SeBackupPrivilege
			SeRestorePrivilege
			SeTakeOwnershipPrivilege
			SeDebugPrivilege
			SeSystemEnvironmentPrivilege
			SeLoadDriverPrivilege
			SeImpersonatePrivilege","4672","12/4/2019 11:56:56 AM","12/4/2019 11:56:56 AM",,,
"4634","ILCSWS008","597f41b0-3695-4be7-8780-ca8963d52b4c","True","ILCSWS008.critsol.net","System.Byte[]","8312","(12545)","12545","SuccessAudit","An account was logged off.

Subject:
	Security ID:		S-1-5-21-3517127094-4084499969-524712262-1103
	Account Name:		driosx
	Account Domain:		CRIT
	Logon ID:		0x1610532

Logon Type:			3

This event is generated when a logon session is destroyed. It may be positively correlated with a logon event using the Logon ID value. Logon IDs are only unique between reboots on the same computer.","Microsoft-Windows-Security-Auditing","S-1-5-21-3517127094-4084499969-524712262-1103 driosx CRIT 0x1610532 3","4634","12/4/2019 11:55:39 AM","12/4/2019 11:55:39 AM",,,
"4624","ILCSWS008","597f41b0-3695-4be7-8780-ca8963d52b4c","True","ILCSWS008.critsol.net","System.Byte[]","8311","(12544)","12544","SuccessAudit","An account was successfully logged on.

Subject:
	Security ID:		S-1-0-0
	Account Name:		-
	Account Domain:		-
	Logon ID:		0x0

Logon Type:			3

Impersonation Level:		%%1832

New Logon:
	Security ID:		S-1-5-21-3517127094-4084499969-524712262-1103
	Account Name:		driosx
	Account Domain:		CRIT
	Logon ID:		0x1610532
	Logon GUID:		{5096F4B9-F9D4-C7F0-958C-7D5210C1F80E}

Process Information:
	Process ID:		0x0
	Process Name:		-

Network Information:
	Workstation Name:	-
	Source Network Address:	10.11.10.35
	Source Port:		40822

Detailed Authentication Information:
	Logon Process:		Kerberos
	Authentication Package:	Kerberos
	Transited Services:	-
	Package Name (NTLM only):	-
	Key Length:		0

This event is generated when a logon session is created. It is generated on the computer that was accessed.

The subject fields indicate the account on the local system which requested the logon. This is most commonly a service such as the Server service, or a local process such as Winlogon.exe or Services.exe.

The logon type field indicates the kind of logon that occurred. The most common types are 2 (interactive) and 3 (network).

The New Logon fields indicate the account for whom the new logon was created, i.e. the account that was logged on.

The network fields indicate where a remote logon request originated. Workstation name is not always available and may be left blank in some cases.

The impersonation level field indicates the extent to which a process in the logon session can impersonate.

The authentication information fields provide detailed information about this specific logon request.
	- Logon GUID is a unique identifier that can be used to correlate this event with a KDC event.
	- Transited services indicate which intermediate services have participated in this logon request.
	- Package name indicates which sub-protocol was used among the NTLM protocols.
	- Key length indicates the length of the generated session key. This will be 0 if no session key was requested.","Microsoft-Windows-Security-Auditing","S-1-0-0 - - 0x0 S-1-5-21-3517127094-4084499969-524712262-1103 driosx CRIT 0x1610532 3 Kerberos Kerberos - {5096F4B9-F9D4-C7F0-958C-7D5210C1F80E} - - 0 0x0 - 10.11.10.35 40822 %%1832","4624","12/4/2019 11:55:26 AM","12/4/2019 11:55:26 AM",,,
"4672","ILCSWS008","597f41b0-3695-4be7-8780-ca8963d52b4c","True","ILCSWS008.critsol.net","System.Byte[]","8310","(12548)","12548","SuccessAudit","Special privileges assigned to new logon.

Subject:
	Security ID:		S-1-5-21-3517127094-4084499969-524712262-1103
	Account Name:		driosx
	Account Domain:		CRIT
	Logon ID:		0x1610532

Privileges:		SeSecurityPrivilege
			SeBackupPrivilege
			SeRestorePrivilege
			SeTakeOwnershipPrivilege
			SeDebugPrivilege
			SeSystemEnvironmentPrivilege
			SeLoadDriverPrivilege
			SeImpersonatePrivilege","Microsoft-Windows-Security-Auditing","S-1-5-21-3517127094-4084499969-524712262-1103 driosx CRIT 0x1610532 SeSecurityPrivilege
			SeBackupPrivilege
			SeRestorePrivilege
			SeTakeOwnershipPrivilege
			SeDebugPrivilege
			SeSystemEnvironmentPrivilege
			SeLoadDriverPrivilege
			SeImpersonatePrivilege","4672","12/4/2019 11:55:26 AM","12/4/2019 11:55:26 AM",,,
"4634","ILCSWS008","597f41b0-3695-4be7-8780-ca8963d52b4c","True","ILCSWS008.critsol.net","System.Byte[]","8309","(12545)","12545","SuccessAudit","An account was logged off.

Subject:
	Security ID:		S-1-5-21-3517127094-4084499969-524712262-1103
	Account Name:		driosx
	Account Domain:		CRIT
	Logon ID:		0x160f7f4

Logon Type:			3

This event is generated when a logon session is destroyed. It may be positively correlated with a logon event using the Logon ID value. Logon IDs are only unique between reboots on the same computer.","Microsoft-Windows-Security-Auditing","S-1-5-21-3517127094-4084499969-524712262-1103 driosx CRIT 0x160f7f4 3","4634","12/4/2019 11:53:37 AM","12/4/2019 11:53:37 AM",,,
"4624","ILCSWS008","597f41b0-3695-4be7-8780-ca8963d52b4c","True","ILCSWS008.critsol.net","System.Byte[]","8308","(12544)","12544","SuccessAudit","An account was successfully logged on.

Subject:
	Security ID:		S-1-0-0
	Account Name:		-
	Account Domain:		-
	Logon ID:		0x0

Logon Type:			3

Impersonation Level:		%%1832

New Logon:
	Security ID:		S-1-5-21-3517127094-4084499969-524712262-1103
	Account Name:		driosx
	Account Domain:		CRIT
	Logon ID:		0x160f7f4
	Logon GUID:		{5096F4B9-F9D4-C7F0-958C-7D5210C1F80E}

Process Information:
	Process ID:		0x0
	Process Name:		-

Network Information:
	Workstation Name:	-
	Source Network Address:	10.11.10.35
	Source Port:		40799

Detailed Authentication Information:
	Logon Process:		Kerberos
	Authentication Package:	Kerberos
	Transited Services:	-
	Package Name (NTLM only):	-
	Key Length:		0

This event is generated when a logon session is created. It is generated on the computer that was accessed.

The subject fields indicate the account on the local system which requested the logon. This is most commonly a service such as the Server service, or a local process such as Winlogon.exe or Services.exe.

The logon type field indicates the kind of logon that occurred. The most common types are 2 (interactive) and 3 (network).

The New Logon fields indicate the account for whom the new logon was created, i.e. the account that was logged on.

The network fields indicate where a remote logon request originated. Workstation name is not always available and may be left blank in some cases.

The impersonation level field indicates the extent to which a process in the logon session can impersonate.

The authentication information fields provide detailed information about this specific logon request.
	- Logon GUID is a unique identifier that can be used to correlate this event with a KDC event.
	- Transited services indicate which intermediate services have participated in this logon request.
	- Package name indicates which sub-protocol was used among the NTLM protocols.
	- Key length indicates the length of the generated session key. This will be 0 if no session key was requested.","Microsoft-Windows-Security-Auditing","S-1-0-0 - - 0x0 S-1-5-21-3517127094-4084499969-524712262-1103 driosx CRIT 0x160f7f4 3 Kerberos Kerberos - {5096F4B9-F9D4-C7F0-958C-7D5210C1F80E} - - 0 0x0 - 10.11.10.35 40799 %%1832","4624","12/4/2019 11:53:25 AM","12/4/2019 11:53:25 AM",,,
"4672","ILCSWS008","597f41b0-3695-4be7-8780-ca8963d52b4c","True","ILCSWS008.critsol.net","System.Byte[]","8307","(12548)","12548","SuccessAudit","Special privileges assigned to new logon.

Subject:
	Security ID:		S-1-5-21-3517127094-4084499969-524712262-1103
	Account Name:		driosx
	Account Domain:		CRIT
	Logon ID:		0x160f7f4

Privileges:		SeSecurityPrivilege
			SeBackupPrivilege
			SeRestorePrivilege
			SeTakeOwnershipPrivilege
			SeDebugPrivilege
			SeSystemEnvironmentPrivilege
			SeLoadDriverPrivilege
			SeImpersonatePrivilege","Microsoft-Windows-Security-Auditing","S-1-5-21-3517127094-4084499969-524712262-1103 driosx CRIT 0x160f7f4 SeSecurityPrivilege
			SeBackupPrivilege
			SeRestorePrivilege
			SeTakeOwnershipPrivilege
			SeDebugPrivilege
			SeSystemEnvironmentPrivilege
			SeLoadDriverPrivilege
			SeImpersonatePrivilege","4672","12/4/2019 11:53:25 AM","12/4/2019 11:53:25 AM",,,
"4634","ILCSWS008","597f41b0-3695-4be7-8780-ca8963d52b4c","True","ILCSWS008.critsol.net","System.Byte[]","8306","(12545)","12545","SuccessAudit","An account was logged off.

Subject:
	Security ID:		S-1-5-21-3517127094-4084499969-524712262-1103
	Account Name:		driosx
	Account Domain:		CRIT
	Logon ID:		0x160eec0

Logon Type:			3

This event is generated when a logon session is destroyed. It may be positively correlated with a logon event using the Logon ID value. Logon IDs are only unique between reboots on the same computer.","Microsoft-Windows-Security-Auditing","S-1-5-21-3517127094-4084499969-524712262-1103 driosx CRIT 0x160eec0 3","4634","12/4/2019 11:51:37 AM","12/4/2019 11:51:37 AM",,,
"4624","ILCSWS008","597f41b0-3695-4be7-8780-ca8963d52b4c","True","ILCSWS008.critsol.net","System.Byte[]","8305","(12544)","12544","SuccessAudit","An account was successfully logged on.

Subject:
	Security ID:		S-1-0-0
	Account Name:		-
	Account Domain:		-
	Logon ID:		0x0

Logon Type:			3

Impersonation Level:		%%1832

New Logon:
	Security ID:		S-1-5-21-3517127094-4084499969-524712262-1103
	Account Name:		driosx
	Account Domain:		CRIT
	Logon ID:		0x160eec0
	Logon GUID:		{5096F4B9-F9D4-C7F0-958C-7D5210C1F80E}

Process Information:
	Process ID:		0x0
	Process Name:		-

Network Information:
	Workstation Name:	-
	Source Network Address:	10.11.10.35
	Source Port:		40784

Detailed Authentication Information:
	Logon Process:		Kerberos
	Authentication Package:	Kerberos
	Transited Services:	-
	Package Name (NTLM only):	-
	Key Length:		0

This event is generated when a logon session is created. It is generated on the computer that was accessed.

The subject fields indicate the account on the local system which requested the logon. This is most commonly a service such as the Server service, or a local process such as Winlogon.exe or Services.exe.

The logon type field indicates the kind of logon that occurred. The most common types are 2 (interactive) and 3 (network).

The New Logon fields indicate the account for whom the new logon was created, i.e. the account that was logged on.

The network fields indicate where a remote logon request originated. Workstation name is not always available and may be left blank in some cases.

The impersonation level field indicates the extent to which a process in the logon session can impersonate.

The authentication information fields provide detailed information about this specific logon request.
	- Logon GUID is a unique identifier that can be used to correlate this event with a KDC event.
	- Transited services indicate which intermediate services have participated in this logon request.
	- Package name indicates which sub-protocol was used among the NTLM protocols.
	- Key length indicates the length of the generated session key. This will be 0 if no session key was requested.","Microsoft-Windows-Security-Auditing","S-1-0-0 - - 0x0 S-1-5-21-3517127094-4084499969-524712262-1103 driosx CRIT 0x160eec0 3 Kerberos Kerberos - {5096F4B9-F9D4-C7F0-958C-7D5210C1F80E} - - 0 0x0 - 10.11.10.35 40784 %%1832","4624","12/4/2019 11:51:24 AM","12/4/2019 11:51:24 AM",,,
"4672","ILCSWS008","597f41b0-3695-4be7-8780-ca8963d52b4c","True","ILCSWS008.critsol.net","System.Byte[]","8304","(12548)","12548","SuccessAudit","Special privileges assigned to new logon.

Subject:
	Security ID:		S-1-5-21-3517127094-4084499969-524712262-1103
	Account Name:		driosx
	Account Domain:		CRIT
	Logon ID:		0x160eec0

Privileges:		SeSecurityPrivilege
			SeBackupPrivilege
			SeRestorePrivilege
			SeTakeOwnershipPrivilege
			SeDebugPrivilege
			SeSystemEnvironmentPrivilege
			SeLoadDriverPrivilege
			SeImpersonatePrivilege","Microsoft-Windows-Security-Auditing","S-1-5-21-3517127094-4084499969-524712262-1103 driosx CRIT 0x160eec0 SeSecurityPrivilege
			SeBackupPrivilege
			SeRestorePrivilege
			SeTakeOwnershipPrivilege
			SeDebugPrivilege
			SeSystemEnvironmentPrivilege
			SeLoadDriverPrivilege
			SeImpersonatePrivilege","4672","12/4/2019 11:51:24 AM","12/4/2019 11:51:24 AM",,,
"4634","ILCSWS008","597f41b0-3695-4be7-8780-ca8963d52b4c","True","ILCSWS008.critsol.net","System.Byte[]","8303","(12545)","12545","SuccessAudit","An account was logged off.

Subject:
	Security ID:		S-1-5-21-3517127094-4084499969-524712262-1103
	Account Name:		driosx
	Account Domain:		CRIT
	Logon ID:		0x160e299

Logon Type:			3

This event is generated when a logon session is destroyed. It may be positively correlated with a logon event using the Logon ID value. Logon IDs are only unique between reboots on the same computer.","Microsoft-Windows-Security-Auditing","S-1-5-21-3517127094-4084499969-524712262-1103 driosx CRIT 0x160e299 3","4634","12/4/2019 11:49:36 AM","12/4/2019 11:49:36 AM",,,
"4624","ILCSWS008","597f41b0-3695-4be7-8780-ca8963d52b4c","True","ILCSWS008.critsol.net","System.Byte[]","8302","(12544)","12544","SuccessAudit","An account was successfully logged on.

Subject:
	Security ID:		S-1-0-0
	Account Name:		-
	Account Domain:		-
	Logon ID:		0x0

Logon Type:			3

Impersonation Level:		%%1832

New Logon:
	Security ID:		S-1-5-21-3517127094-4084499969-524712262-1103
	Account Name:		driosx
	Account Domain:		CRIT
	Logon ID:		0x160e299
	Logon GUID:		{5096F4B9-F9D4-C7F0-958C-7D5210C1F80E}

Process Information:
	Process ID:		0x0
	Process Name:		-

Network Information:
	Workstation Name:	-
	Source Network Address:	10.11.10.35
	Source Port:		40771

Detailed Authentication Information:
	Logon Process:		Kerberos
	Authentication Package:	Kerberos
	Transited Services:	-
	Package Name (NTLM only):	-
	Key Length:		0

This event is generated when a logon session is created. It is generated on the computer that was accessed.

The subject fields indicate the account on the local system which requested the logon. This is most commonly a service such as the Server service, or a local process such as Winlogon.exe or Services.exe.

The logon type field indicates the kind of logon that occurred. The most common types are 2 (interactive) and 3 (network).

The New Logon fields indicate the account for whom the new logon was created, i.e. the account that was logged on.

The network fields indicate where a remote logon request originated. Workstation name is not always available and may be left blank in some cases.

The impersonation level field indicates the extent to which a process in the logon session can impersonate.

The authentication information fields provide detailed information about this specific logon request.
	- Logon GUID is a unique identifier that can be used to correlate this event with a KDC event.
	- Transited services indicate which intermediate services have participated in this logon request.
	- Package name indicates which sub-protocol was used among the NTLM protocols.
	- Key length indicates the length of the generated session key. This will be 0 if no session key was requested.","Microsoft-Windows-Security-Auditing","S-1-0-0 - - 0x0 S-1-5-21-3517127094-4084499969-524712262-1103 driosx CRIT 0x160e299 3 Kerberos Kerberos - {5096F4B9-F9D4-C7F0-958C-7D5210C1F80E} - - 0 0x0 - 10.11.10.35 40771 %%1832","4624","12/4/2019 11:49:23 AM","12/4/2019 11:49:23 AM",,,
"4672","ILCSWS008","597f41b0-3695-4be7-8780-ca8963d52b4c","True","ILCSWS008.critsol.net","System.Byte[]","8301","(12548)","12548","SuccessAudit","Special privileges assigned to new logon.

Subject:
	Security ID:		S-1-5-21-3517127094-4084499969-524712262-1103
	Account Name:		driosx
	Account Domain:		CRIT
	Logon ID:		0x160e299

Privileges:		SeSecurityPrivilege
			SeBackupPrivilege
			SeRestorePrivilege
			SeTakeOwnershipPrivilege
			SeDebugPrivilege
			SeSystemEnvironmentPrivilege
			SeLoadDriverPrivilege
			SeImpersonatePrivilege","Microsoft-Windows-Security-Auditing","S-1-5-21-3517127094-4084499969-524712262-1103 driosx CRIT 0x160e299 SeSecurityPrivilege
			SeBackupPrivilege
			SeRestorePrivilege
			SeTakeOwnershipPrivilege
			SeDebugPrivilege
			SeSystemEnvironmentPrivilege
			SeLoadDriverPrivilege
			SeImpersonatePrivilege","4672","12/4/2019 11:49:23 AM","12/4/2019 11:49:23 AM",,,
"4634","ILCSWS008","597f41b0-3695-4be7-8780-ca8963d52b4c","True","ILCSWS008.critsol.net","System.Byte[]","8300","(12545)","12545","SuccessAudit","An account was logged off.

Subject:
	Security ID:		S-1-5-21-3517127094-4084499969-524712262-1103
	Account Name:		driosx
	Account Domain:		CRIT
	Logon ID:		0x160dcfc

Logon Type:			3

This event is generated when a logon session is destroyed. It may be positively correlated with a logon event using the Logon ID value. Logon IDs are only unique between reboots on the same computer.","Microsoft-Windows-Security-Auditing","S-1-5-21-3517127094-4084499969-524712262-1103 driosx CRIT 0x160dcfc 3","4634","12/4/2019 11:47:35 AM","12/4/2019 11:47:35 AM",,,
"4624","ILCSWS008","597f41b0-3695-4be7-8780-ca8963d52b4c","True","ILCSWS008.critsol.net","System.Byte[]","8299","(12544)","12544","SuccessAudit","An account was successfully logged on.

Subject:
	Security ID:		S-1-0-0
	Account Name:		-
	Account Domain:		-
	Logon ID:		0x0

Logon Type:			3

Impersonation Level:		%%1832

New Logon:
	Security ID:		S-1-5-21-3517127094-4084499969-524712262-1103
	Account Name:		driosx
	Account Domain:		CRIT
	Logon ID:		0x160dcfc
	Logon GUID:		{5096F4B9-F9D4-C7F0-958C-7D5210C1F80E}

Process Information:
	Process ID:		0x0
	Process Name:		-

Network Information:
	Workstation Name:	-
	Source Network Address:	10.11.10.35
	Source Port:		40740

Detailed Authentication Information:
	Logon Process:		Kerberos
	Authentication Package:	Kerberos
	Transited Services:	-
	Package Name (NTLM only):	-
	Key Length:		0

This event is generated when a logon session is created. It is generated on the computer that was accessed.

The subject fields indicate the account on the local system which requested the logon. This is most commonly a service such as the Server service, or a local process such as Winlogon.exe or Services.exe.

The logon type field indicates the kind of logon that occurred. The most common types are 2 (interactive) and 3 (network).

The New Logon fields indicate the account for whom the new logon was created, i.e. the account that was logged on.

The network fields indicate where a remote logon request originated. Workstation name is not always available and may be left blank in some cases.

The impersonation level field indicates the extent to which a process in the logon session can impersonate.

The authentication information fields provide detailed information about this specific logon request.
	- Logon GUID is a unique identifier that can be used to correlate this event with a KDC event.
	- Transited services indicate which intermediate services have participated in this logon request.
	- Package name indicates which sub-protocol was used among the NTLM protocols.
	- Key length indicates the length of the generated session key. This will be 0 if no session key was requested.","Microsoft-Windows-Security-Auditing","S-1-0-0 - - 0x0 S-1-5-21-3517127094-4084499969-524712262-1103 driosx CRIT 0x160dcfc 3 Kerberos Kerberos - {5096F4B9-F9D4-C7F0-958C-7D5210C1F80E} - - 0 0x0 - 10.11.10.35 40740 %%1832","4624","12/4/2019 11:47:22 AM","12/4/2019 11:47:22 AM",,,
"4672","ILCSWS008","597f41b0-3695-4be7-8780-ca8963d52b4c","True","ILCSWS008.critsol.net","System.Byte[]","8298","(12548)","12548","SuccessAudit","Special privileges assigned to new logon.

Subject:
	Security ID:		S-1-5-21-3517127094-4084499969-524712262-1103
	Account Name:		driosx
	Account Domain:		CRIT
	Logon ID:		0x160dcfc

Privileges:		SeSecurityPrivilege
			SeBackupPrivilege
			SeRestorePrivilege
			SeTakeOwnershipPrivilege
			SeDebugPrivilege
			SeSystemEnvironmentPrivilege
			SeLoadDriverPrivilege
			SeImpersonatePrivilege","Microsoft-Windows-Security-Auditing","S-1-5-21-3517127094-4084499969-524712262-1103 driosx CRIT 0x160dcfc SeSecurityPrivilege
			SeBackupPrivilege
			SeRestorePrivilege
			SeTakeOwnershipPrivilege
			SeDebugPrivilege
			SeSystemEnvironmentPrivilege
			SeLoadDriverPrivilege
			SeImpersonatePrivilege","4672","12/4/2019 11:47:22 AM","12/4/2019 11:47:22 AM",,,
"4634","ILCSWS008","597f41b0-3695-4be7-8780-ca8963d52b4c","True","ILCSWS008.critsol.net","System.Byte[]","8297","(12545)","12545","SuccessAudit","An account was logged off.

Subject:
	Security ID:		S-1-5-21-3517127094-4084499969-524712262-1103
	Account Name:		driosx
	Account Domain:		CRIT
	Logon ID:		0x160d71e

Logon Type:			3

This event is generated when a logon session is destroyed. It may be positively correlated with a logon event using the Logon ID value. Logon IDs are only unique between reboots on the same computer.","Microsoft-Windows-Security-Auditing","S-1-5-21-3517127094-4084499969-524712262-1103 driosx CRIT 0x160d71e 3","4634","12/4/2019 11:45:35 AM","12/4/2019 11:45:35 AM",,,
"4624","ILCSWS008","597f41b0-3695-4be7-8780-ca8963d52b4c","True","ILCSWS008.critsol.net","System.Byte[]","8296","(12544)","12544","SuccessAudit","An account was successfully logged on.

Subject:
	Security ID:		S-1-0-0
	Account Name:		-
	Account Domain:		-
	Logon ID:		0x0

Logon Type:			3

Impersonation Level:		%%1832

New Logon:
	Security ID:		S-1-5-21-3517127094-4084499969-524712262-1103
	Account Name:		driosx
	Account Domain:		CRIT
	Logon ID:		0x160d71e
	Logon GUID:		{5096F4B9-F9D4-C7F0-958C-7D5210C1F80E}

Process Information:
	Process ID:		0x0
	Process Name:		-

Network Information:
	Workstation Name:	-
	Source Network Address:	10.11.10.35
	Source Port:		40649

Detailed Authentication Information:
	Logon Process:		Kerberos
	Authentication Package:	Kerberos
	Transited Services:	-
	Package Name (NTLM only):	-
	Key Length:		0

This event is generated when a logon session is created. It is generated on the computer that was accessed.

The subject fields indicate the account on the local system which requested the logon. This is most commonly a service such as the Server service, or a local process such as Winlogon.exe or Services.exe.

The logon type field indicates the kind of logon that occurred. The most common types are 2 (interactive) and 3 (network).

The New Logon fields indicate the account for whom the new logon was created, i.e. the account that was logged on.

The network fields indicate where a remote logon request originated. Workstation name is not always available and may be left blank in some cases.

The impersonation level field indicates the extent to which a process in the logon session can impersonate.

The authentication information fields provide detailed information about this specific logon request.
	- Logon GUID is a unique identifier that can be used to correlate this event with a KDC event.
	- Transited services indicate which intermediate services have participated in this logon request.
	- Package name indicates which sub-protocol was used among the NTLM protocols.
	- Key length indicates the length of the generated session key. This will be 0 if no session key was requested.","Microsoft-Windows-Security-Auditing","S-1-0-0 - - 0x0 S-1-5-21-3517127094-4084499969-524712262-1103 driosx CRIT 0x160d71e 3 Kerberos Kerberos - {5096F4B9-F9D4-C7F0-958C-7D5210C1F80E} - - 0 0x0 - 10.11.10.35 40649 %%1832","4624","12/4/2019 11:45:21 AM","12/4/2019 11:45:21 AM",,,
"4672","ILCSWS008","597f41b0-3695-4be7-8780-ca8963d52b4c","True","ILCSWS008.critsol.net","System.Byte[]","8295","(12548)","12548","SuccessAudit","Special privileges assigned to new logon.

Subject:
	Security ID:		S-1-5-21-3517127094-4084499969-524712262-1103
	Account Name:		driosx
	Account Domain:		CRIT
	Logon ID:		0x160d71e

Privileges:		SeSecurityPrivilege
			SeBackupPrivilege
			SeRestorePrivilege
			SeTakeOwnershipPrivilege
			SeDebugPrivilege
			SeSystemEnvironmentPrivilege
			SeLoadDriverPrivilege
			SeImpersonatePrivilege","Microsoft-Windows-Security-Auditing","S-1-5-21-3517127094-4084499969-524712262-1103 driosx CRIT 0x160d71e SeSecurityPrivilege
			SeBackupPrivilege
			SeRestorePrivilege
			SeTakeOwnershipPrivilege
			SeDebugPrivilege
			SeSystemEnvironmentPrivilege
			SeLoadDriverPrivilege
			SeImpersonatePrivilege","4672","12/4/2019 11:45:21 AM","12/4/2019 11:45:21 AM",,,
"4634","ILCSWS008","597f41b0-3695-4be7-8780-ca8963d52b4c","True","ILCSWS008.critsol.net","System.Byte[]","8294","(12545)","12545","SuccessAudit","An account was logged off.

Subject:
	Security ID:		S-1-5-21-3517127094-4084499969-524712262-1103
	Account Name:		driosx
	Account Domain:		CRIT
	Logon ID:		0x160cae9

Logon Type:			3

This event is generated when a logon session is destroyed. It may be positively correlated with a logon event using the Logon ID value. Logon IDs are only unique between reboots on the same computer.","Microsoft-Windows-Security-Auditing","S-1-5-21-3517127094-4084499969-524712262-1103 driosx CRIT 0x160cae9 3","4634","12/4/2019 11:43:31 AM","12/4/2019 11:43:31 AM",,,
"4624","ILCSWS008","597f41b0-3695-4be7-8780-ca8963d52b4c","True","ILCSWS008.critsol.net","System.Byte[]","8293","(12544)","12544","SuccessAudit","An account was successfully logged on.

Subject:
	Security ID:		S-1-0-0
	Account Name:		-
	Account Domain:		-
	Logon ID:		0x0

Logon Type:			3

Impersonation Level:		%%1832

New Logon:
	Security ID:		S-1-5-21-3517127094-4084499969-524712262-1103
	Account Name:		driosx
	Account Domain:		CRIT
	Logon ID:		0x160cae9
	Logon GUID:		{5096F4B9-F9D4-C7F0-958C-7D5210C1F80E}

Process Information:
	Process ID:		0x0
	Process Name:		-

Network Information:
	Workstation Name:	-
	Source Network Address:	10.11.10.35
	Source Port:		40629

Detailed Authentication Information:
	Logon Process:		Kerberos
	Authentication Package:	Kerberos
	Transited Services:	-
	Package Name (NTLM only):	-
	Key Length:		0

This event is generated when a logon session is created. It is generated on the computer that was accessed.

The subject fields indicate the account on the local system which requested the logon. This is most commonly a service such as the Server service, or a local process such as Winlogon.exe or Services.exe.

The logon type field indicates the kind of logon that occurred. The most common types are 2 (interactive) and 3 (network).

The New Logon fields indicate the account for whom the new logon was created, i.e. the account that was logged on.

The network fields indicate where a remote logon request originated. Workstation name is not always available and may be left blank in some cases.

The impersonation level field indicates the extent to which a process in the logon session can impersonate.

The authentication information fields provide detailed information about this specific logon request.
	- Logon GUID is a unique identifier that can be used to correlate this event with a KDC event.
	- Transited services indicate which intermediate services have participated in this logon request.
	- Package name indicates which sub-protocol was used among the NTLM protocols.
	- Key length indicates the length of the generated session key. This will be 0 if no session key was requested.","Microsoft-Windows-Security-Auditing","S-1-0-0 - - 0x0 S-1-5-21-3517127094-4084499969-524712262-1103 driosx CRIT 0x160cae9 3 Kerberos Kerberos - {5096F4B9-F9D4-C7F0-958C-7D5210C1F80E} - - 0 0x0 - 10.11.10.35 40629 %%1832","4624","12/4/2019 11:43:20 AM","12/4/2019 11:43:20 AM",,,
"4672","ILCSWS008","597f41b0-3695-4be7-8780-ca8963d52b4c","True","ILCSWS008.critsol.net","System.Byte[]","8292","(12548)","12548","SuccessAudit","Special privileges assigned to new logon.

Subject:
	Security ID:		S-1-5-21-3517127094-4084499969-524712262-1103
	Account Name:		driosx
	Account Domain:		CRIT
	Logon ID:		0x160cae9

Privileges:		SeSecurityPrivilege
			SeBackupPrivilege
			SeRestorePrivilege
			SeTakeOwnershipPrivilege
			SeDebugPrivilege
			SeSystemEnvironmentPrivilege
			SeLoadDriverPrivilege
			SeImpersonatePrivilege","Microsoft-Windows-Security-Auditing","S-1-5-21-3517127094-4084499969-524712262-1103 driosx CRIT 0x160cae9 SeSecurityPrivilege
			SeBackupPrivilege
			SeRestorePrivilege
			SeTakeOwnershipPrivilege
			SeDebugPrivilege
			SeSystemEnvironmentPrivilege
			SeLoadDriverPrivilege
			SeImpersonatePrivilege","4672","12/4/2019 11:43:20 AM","12/4/2019 11:43:20 AM",,,
"4634","ILCSWS008","597f41b0-3695-4be7-8780-ca8963d52b4c","True","ILCSWS008.critsol.net","System.Byte[]","8291","(12545)","12545","SuccessAudit","An account was logged off.

Subject:
	Security ID:		S-1-5-21-3517127094-4084499969-524712262-1103
	Account Name:		driosx
	Account Domain:		CRIT
	Logon ID:		0x160c2d6

Logon Type:			3

This event is generated when a logon session is destroyed. It may be positively correlated with a logon event using the Logon ID value. Logon IDs are only unique between reboots on the same computer.","Microsoft-Windows-Security-Auditing","S-1-5-21-3517127094-4084499969-524712262-1103 driosx CRIT 0x160c2d6 3","4634","12/4/2019 11:41:30 AM","12/4/2019 11:41:30 AM",,,
"4624","ILCSWS008","597f41b0-3695-4be7-8780-ca8963d52b4c","True","ILCSWS008.critsol.net","System.Byte[]","8290","(12544)","12544","SuccessAudit","An account was successfully logged on.

Subject:
	Security ID:		S-1-0-0
	Account Name:		-
	Account Domain:		-
	Logon ID:		0x0

Logon Type:			3

Impersonation Level:		%%1832

New Logon:
	Security ID:		S-1-5-21-3517127094-4084499969-524712262-1103
	Account Name:		driosx
	Account Domain:		CRIT
	Logon ID:		0x160c2d6
	Logon GUID:		{5096F4B9-F9D4-C7F0-958C-7D5210C1F80E}

Process Information:
	Process ID:		0x0
	Process Name:		-

Network Information:
	Workstation Name:	-
	Source Network Address:	10.11.10.35
	Source Port:		40624

Detailed Authentication Information:
	Logon Process:		Kerberos
	Authentication Package:	Kerberos
	Transited Services:	-
	Package Name (NTLM only):	-
	Key Length:		0

This event is generated when a logon session is created. It is generated on the computer that was accessed.

The subject fields indicate the account on the local system which requested the logon. This is most commonly a service such as the Server service, or a local process such as Winlogon.exe or Services.exe.

The logon type field indicates the kind of logon that occurred. The most common types are 2 (interactive) and 3 (network).

The New Logon fields indicate the account for whom the new logon was created, i.e. the account that was logged on.

The network fields indicate where a remote logon request originated. Workstation name is not always available and may be left blank in some cases.

The impersonation level field indicates the extent to which a process in the logon session can impersonate.

The authentication information fields provide detailed information about this specific logon request.
	- Logon GUID is a unique identifier that can be used to correlate this event with a KDC event.
	- Transited services indicate which intermediate services have participated in this logon request.
	- Package name indicates which sub-protocol was used among the NTLM protocols.
	- Key length indicates the length of the generated session key. This will be 0 if no session key was requested.","Microsoft-Windows-Security-Auditing","S-1-0-0 - - 0x0 S-1-5-21-3517127094-4084499969-524712262-1103 driosx CRIT 0x160c2d6 3 Kerberos Kerberos - {5096F4B9-F9D4-C7F0-958C-7D5210C1F80E} - - 0 0x0 - 10.11.10.35 40624 %%1832","4624","12/4/2019 11:41:19 AM","12/4/2019 11:41:19 AM",,,
"4672","ILCSWS008","597f41b0-3695-4be7-8780-ca8963d52b4c","True","ILCSWS008.critsol.net","System.Byte[]","8289","(12548)","12548","SuccessAudit","Special privileges assigned to new logon.

Subject:
	Security ID:		S-1-5-21-3517127094-4084499969-524712262-1103
	Account Name:		driosx
	Account Domain:		CRIT
	Logon ID:		0x160c2d6

Privileges:		SeSecurityPrivilege
			SeBackupPrivilege
			SeRestorePrivilege
			SeTakeOwnershipPrivilege
			SeDebugPrivilege
			SeSystemEnvironmentPrivilege
			SeLoadDriverPrivilege
			SeImpersonatePrivilege","Microsoft-Windows-Security-Auditing","S-1-5-21-3517127094-4084499969-524712262-1103 driosx CRIT 0x160c2d6 SeSecurityPrivilege
			SeBackupPrivilege
			SeRestorePrivilege
			SeTakeOwnershipPrivilege
			SeDebugPrivilege
			SeSystemEnvironmentPrivilege
			SeLoadDriverPrivilege
			SeImpersonatePrivilege","4672","12/4/2019 11:41:19 AM","12/4/2019 11:41:19 AM",,,
"4634","ILCSWS008","597f41b0-3695-4be7-8780-ca8963d52b4c","True","ILCSWS008.critsol.net","System.Byte[]","8288","(12545)","12545","SuccessAudit","An account was logged off.

Subject:
	Security ID:		S-1-5-21-3517127094-4084499969-524712262-1103
	Account Name:		driosx
	Account Domain:		CRIT
	Logon ID:		0x160b75a

Logon Type:			3

This event is generated when a logon session is destroyed. It may be positively correlated with a logon event using the Logon ID value. Logon IDs are only unique between reboots on the same computer.","Microsoft-Windows-Security-Auditing","S-1-5-21-3517127094-4084499969-524712262-1103 driosx CRIT 0x160b75a 3","4634","12/4/2019 11:39:29 AM","12/4/2019 11:39:29 AM",,,
"4624","ILCSWS008","597f41b0-3695-4be7-8780-ca8963d52b4c","True","ILCSWS008.critsol.net","System.Byte[]","8287","(12544)","12544","SuccessAudit","An account was successfully logged on.

Subject:
	Security ID:		S-1-0-0
	Account Name:		-
	Account Domain:		-
	Logon ID:		0x0

Logon Type:			3

Impersonation Level:		%%1832

New Logon:
	Security ID:		S-1-5-21-3517127094-4084499969-524712262-1103
	Account Name:		driosx
	Account Domain:		CRIT
	Logon ID:		0x160b75a
	Logon GUID:		{5096F4B9-F9D4-C7F0-958C-7D5210C1F80E}

Process Information:
	Process ID:		0x0
	Process Name:		-

Network Information:
	Workstation Name:	-
	Source Network Address:	10.11.10.35
	Source Port:		40610

Detailed Authentication Information:
	Logon Process:		Kerberos
	Authentication Package:	Kerberos
	Transited Services:	-
	Package Name (NTLM only):	-
	Key Length:		0

This event is generated when a logon session is created. It is generated on the computer that was accessed.

The subject fields indicate the account on the local system which requested the logon. This is most commonly a service such as the Server service, or a local process such as Winlogon.exe or Services.exe.

The logon type field indicates the kind of logon that occurred. The most common types are 2 (interactive) and 3 (network).

The New Logon fields indicate the account for whom the new logon was created, i.e. the account that was logged on.

The network fields indicate where a remote logon request originated. Workstation name is not always available and may be left blank in some cases.

The impersonation level field indicates the extent to which a process in the logon session can impersonate.

The authentication information fields provide detailed information about this specific logon request.
	- Logon GUID is a unique identifier that can be used to correlate this event with a KDC event.
	- Transited services indicate which intermediate services have participated in this logon request.
	- Package name indicates which sub-protocol was used among the NTLM protocols.
	- Key length indicates the length of the generated session key. This will be 0 if no session key was requested.","Microsoft-Windows-Security-Auditing","S-1-0-0 - - 0x0 S-1-5-21-3517127094-4084499969-524712262-1103 driosx CRIT 0x160b75a 3 Kerberos Kerberos - {5096F4B9-F9D4-C7F0-958C-7D5210C1F80E} - - 0 0x0 - 10.11.10.35 40610 %%1832","4624","12/4/2019 11:39:18 AM","12/4/2019 11:39:18 AM",,,
"4672","ILCSWS008","597f41b0-3695-4be7-8780-ca8963d52b4c","True","ILCSWS008.critsol.net","System.Byte[]","8286","(12548)","12548","SuccessAudit","Special privileges assigned to new logon.

Subject:
	Security ID:		S-1-5-21-3517127094-4084499969-524712262-1103
	Account Name:		driosx
	Account Domain:		CRIT
	Logon ID:		0x160b75a

Privileges:		SeSecurityPrivilege
			SeBackupPrivilege
			SeRestorePrivilege
			SeTakeOwnershipPrivilege
			SeDebugPrivilege
			SeSystemEnvironmentPrivilege
			SeLoadDriverPrivilege
			SeImpersonatePrivilege","Microsoft-Windows-Security-Auditing","S-1-5-21-3517127094-4084499969-524712262-1103 driosx CRIT 0x160b75a SeSecurityPrivilege
			SeBackupPrivilege
			SeRestorePrivilege
			SeTakeOwnershipPrivilege
			SeDebugPrivilege
			SeSystemEnvironmentPrivilege
			SeLoadDriverPrivilege
			SeImpersonatePrivilege","4672","12/4/2019 11:39:18 AM","12/4/2019 11:39:18 AM",,,
"4634","ILCSWS008","597f41b0-3695-4be7-8780-ca8963d52b4c","True","ILCSWS008.critsol.net","System.Byte[]","8285","(12545)","12545","SuccessAudit","An account was logged off.

Subject:
	Security ID:		S-1-5-21-3517127094-4084499969-524712262-1103
	Account Name:		driosx
	Account Domain:		CRIT
	Logon ID:		0x160b116

Logon Type:			3

This event is generated when a logon session is destroyed. It may be positively correlated with a logon event using the Logon ID value. Logon IDs are only unique between reboots on the same computer.","Microsoft-Windows-Security-Auditing","S-1-5-21-3517127094-4084499969-524712262-1103 driosx CRIT 0x160b116 3","4634","12/4/2019 11:37:29 AM","12/4/2019 11:37:29 AM",,,
"4624","ILCSWS008","597f41b0-3695-4be7-8780-ca8963d52b4c","True","ILCSWS008.critsol.net","System.Byte[]","8284","(12544)","12544","SuccessAudit","An account was successfully logged on.

Subject:
	Security ID:		S-1-0-0
	Account Name:		-
	Account Domain:		-
	Logon ID:		0x0

Logon Type:			3

Impersonation Level:		%%1832

New Logon:
	Security ID:		S-1-5-21-3517127094-4084499969-524712262-1103
	Account Name:		driosx
	Account Domain:		CRIT
	Logon ID:		0x160b116
	Logon GUID:		{5096F4B9-F9D4-C7F0-958C-7D5210C1F80E}

Process Information:
	Process ID:		0x0
	Process Name:		-

Network Information:
	Workstation Name:	-
	Source Network Address:	10.11.10.35
	Source Port:		40585

Detailed Authentication Information:
	Logon Process:		Kerberos
	Authentication Package:	Kerberos
	Transited Services:	-
	Package Name (NTLM only):	-
	Key Length:		0

This event is generated when a logon session is created. It is generated on the computer that was accessed.

The subject fields indicate the account on the local system which requested the logon. This is most commonly a service such as the Server service, or a local process such as Winlogon.exe or Services.exe.

The logon type field indicates the kind of logon that occurred. The most common types are 2 (interactive) and 3 (network).

The New Logon fields indicate the account for whom the new logon was created, i.e. the account that was logged on.

The network fields indicate where a remote logon request originated. Workstation name is not always available and may be left blank in some cases.

The impersonation level field indicates the extent to which a process in the logon session can impersonate.

The authentication information fields provide detailed information about this specific logon request.
	- Logon GUID is a unique identifier that can be used to correlate this event with a KDC event.
	- Transited services indicate which intermediate services have participated in this logon request.
	- Package name indicates which sub-protocol was used among the NTLM protocols.
	- Key length indicates the length of the generated session key. This will be 0 if no session key was requested.","Microsoft-Windows-Security-Auditing","S-1-0-0 - - 0x0 S-1-5-21-3517127094-4084499969-524712262-1103 driosx CRIT 0x160b116 3 Kerberos Kerberos - {5096F4B9-F9D4-C7F0-958C-7D5210C1F80E} - - 0 0x0 - 10.11.10.35 40585 %%1832","4624","12/4/2019 11:37:17 AM","12/4/2019 11:37:17 AM",,,
"4672","ILCSWS008","597f41b0-3695-4be7-8780-ca8963d52b4c","True","ILCSWS008.critsol.net","System.Byte[]","8283","(12548)","12548","SuccessAudit","Special privileges assigned to new logon.

Subject:
	Security ID:		S-1-5-21-3517127094-4084499969-524712262-1103
	Account Name:		driosx
	Account Domain:		CRIT
	Logon ID:		0x160b116

Privileges:		SeSecurityPrivilege
			SeBackupPrivilege
			SeRestorePrivilege
			SeTakeOwnershipPrivilege
			SeDebugPrivilege
			SeSystemEnvironmentPrivilege
			SeLoadDriverPrivilege
			SeImpersonatePrivilege","Microsoft-Windows-Security-Auditing","S-1-5-21-3517127094-4084499969-524712262-1103 driosx CRIT 0x160b116 SeSecurityPrivilege
			SeBackupPrivilege
			SeRestorePrivilege
			SeTakeOwnershipPrivilege
			SeDebugPrivilege
			SeSystemEnvironmentPrivilege
			SeLoadDriverPrivilege
			SeImpersonatePrivilege","4672","12/4/2019 11:37:17 AM","12/4/2019 11:37:17 AM",,,
"4634","ILCSWS008","597f41b0-3695-4be7-8780-ca8963d52b4c","True","ILCSWS008.critsol.net","System.Byte[]","8282","(12545)","12545","SuccessAudit","An account was logged off.

Subject:
	Security ID:		S-1-5-21-3517127094-4084499969-524712262-1103
	Account Name:		driosx
	Account Domain:		CRIT
	Logon ID:		0x160a81f

Logon Type:			3

This event is generated when a logon session is destroyed. It may be positively correlated with a logon event using the Logon ID value. Logon IDs are only unique between reboots on the same computer.","Microsoft-Windows-Security-Auditing","S-1-5-21-3517127094-4084499969-524712262-1103 driosx CRIT 0x160a81f 3","4634","12/4/2019 11:35:28 AM","12/4/2019 11:35:28 AM",,,
