"4624","ILCSWS008","597f41b0-3695-4be7-8780-ca8963d52b4c","True","ILCSWS008.critsol.net","System.Byte[]","8245","(12544)","12544","SuccessAudit","An account was successfully logged on.

Subject:
	Security ID:		S-1-0-0
	Account Name:		-
	Account Domain:		-
	Logon ID:		0x0

Logon Type:			3

Impersonation Level:		%%1832

New Logon:
	Security ID:		S-1-5-21-3517127094-4084499969-524712262-1103
	Account Name:		driosx
	Account Domain:		CRIT
	Logon ID:		0x1605399
	Logon GUID:		{5096F4B9-F9D4-C7F0-958C-7D5210C1F80E}

Process Information:
	Process ID:		0x0
	Process Name:		-

Network Information:
	Workstation Name:	-
	Source Network Address:	10.11.10.35
	Source Port:		40146

Detailed Authentication Information:
	Logon Process:		Kerberos
	Authentication Package:	Kerberos
	Transited Services:	-
	Package Name (NTLM only):	-
	Key Length:		0

This event is generated when a logon session is created. It is generated on the computer that was accessed.

The subject fields indicate the account on the local system which requested the logon. This is most commonly a service such as the Server service, or a local process such as Winlogon.exe or Services.exe.

The logon type field indicates the kind of logon that occurred. The most common types are 2 (interactive) and 3 (network).

The New Logon fields indicate the account for whom the new logon was created, i.e. the account that was logged on.

The network fields indicate where a remote logon request originated. Workstation name is not always available and may be left blank in some cases.

The impersonation level field indicates the extent to which a process in the logon session can impersonate.

The authentication information fields provide detailed information about this specific logon request.
	- Logon GUID is a unique identifier that can be used to correlate this event with a KDC event.
	- Transited services indicate which intermediate services have participated in this logon request.
	- Package name indicates which sub-protocol was used among the NTLM protocols.
	- Key length indicates the length of the generated session key. This will be 0 if no session key was requested.","Microsoft-Windows-Security-Auditing","S-1-0-0 - - 0x0 S-1-5-21-3517127094-4084499969-524712262-1103 driosx CRIT 0x1605399 3 Kerberos Kerberos - {5096F4B9-F9D4-C7F0-958C-7D5210C1F80E} - - 0 0x0 - 10.11.10.35 40146 %%1832","4624","12/4/2019 11:15:07 AM","12/4/2019 11:15:07 AM",,,
"4672","ILCSWS008","597f41b0-3695-4be7-8780-ca8963d52b4c","True","ILCSWS008.critsol.net","System.Byte[]","8244","(12548)","12548","SuccessAudit","Special privileges assigned to new logon.

Subject:
	Security ID:		S-1-5-21-3517127094-4084499969-524712262-1103
	Account Name:		driosx
	Account Domain:		CRIT
	Logon ID:		0x1605399

Privileges:		SeSecurityPrivilege
			SeBackupPrivilege
			SeRestorePrivilege
			SeTakeOwnershipPrivilege
			SeDebugPrivilege
			SeSystemEnvironmentPrivilege
			SeLoadDriverPrivilege
			SeImpersonatePrivilege","Microsoft-Windows-Security-Auditing","S-1-5-21-3517127094-4084499969-524712262-1103 driosx CRIT 0x1605399 SeSecurityPrivilege
			SeBackupPrivilege
			SeRestorePrivilege
			SeTakeOwnershipPrivilege
			SeDebugPrivilege
			SeSystemEnvironmentPrivilege
			SeLoadDriverPrivilege
			SeImpersonatePrivilege","4672","12/4/2019 11:15:07 AM","12/4/2019 11:15:07 AM",,,
"4634","ILCSWS008","597f41b0-3695-4be7-8780-ca8963d52b4c","True","ILCSWS008.critsol.net","System.Byte[]","8243","(12545)","12545","SuccessAudit","An account was logged off.

Subject:
	Security ID:		S-1-5-21-3517127094-4084499969-524712262-1103
	Account Name:		driosx
	Account Domain:		CRIT
	Logon ID:		0x1604753

Logon Type:			3

This event is generated when a logon session is destroyed. It may be positively correlated with a logon event using the Logon ID value. Logon IDs are only unique between reboots on the same computer.","Microsoft-Windows-Security-Auditing","S-1-5-21-3517127094-4084499969-524712262-1103 driosx CRIT 0x1604753 3","4634","12/4/2019 11:13:18 AM","12/4/2019 11:13:18 AM",,,
"4624","ILCSWS008","597f41b0-3695-4be7-8780-ca8963d52b4c","True","ILCSWS008.critsol.net","System.Byte[]","8242","(12544)","12544","SuccessAudit","An account was successfully logged on.

Subject:
	Security ID:		S-1-0-0
	Account Name:		-
	Account Domain:		-
	Logon ID:		0x0

Logon Type:			3

Impersonation Level:		%%1832

New Logon:
	Security ID:		S-1-5-21-3517127094-4084499969-524712262-1103
	Account Name:		driosx
	Account Domain:		CRIT
	Logon ID:		0x1604753
	Logon GUID:		{5096F4B9-F9D4-C7F0-958C-7D5210C1F80E}

Process Information:
	Process ID:		0x0
	Process Name:		-

Network Information:
	Workstation Name:	-
	Source Network Address:	10.11.10.35
	Source Port:		40135

Detailed Authentication Information:
	Logon Process:		Kerberos
	Authentication Package:	Kerberos
	Transited Services:	-
	Package Name (NTLM only):	-
	Key Length:		0

This event is generated when a logon session is created. It is generated on the computer that was accessed.

The subject fields indicate the account on the local system which requested the logon. This is most commonly a service such as the Server service, or a local process such as Winlogon.exe or Services.exe.

The logon type field indicates the kind of logon that occurred. The most common types are 2 (interactive) and 3 (network).

The New Logon fields indicate the account for whom the new logon was created, i.e. the account that was logged on.

The network fields indicate where a remote logon request originated. Workstation name is not always available and may be left blank in some cases.

The impersonation level field indicates the extent to which a process in the logon session can impersonate.

The authentication information fields provide detailed information about this specific logon request.
	- Logon GUID is a unique identifier that can be used to correlate this event with a KDC event.
	- Transited services indicate which intermediate services have participated in this logon request.
	- Package name indicates which sub-protocol was used among the NTLM protocols.
	- Key length indicates the length of the generated session key. This will be 0 if no session key was requested.","Microsoft-Windows-Security-Auditing","S-1-0-0 - - 0x0 S-1-5-21-3517127094-4084499969-524712262-1103 driosx CRIT 0x1604753 3 Kerberos Kerberos - {5096F4B9-F9D4-C7F0-958C-7D5210C1F80E} - - 0 0x0 - 10.11.10.35 40135 %%1832","4624","12/4/2019 11:13:06 AM","12/4/2019 11:13:06 AM",,,
"4672","ILCSWS008","597f41b0-3695-4be7-8780-ca8963d52b4c","True","ILCSWS008.critsol.net","System.Byte[]","8241","(12548)","12548","SuccessAudit","Special privileges assigned to new logon.

Subject:
	Security ID:		S-1-5-21-3517127094-4084499969-524712262-1103
	Account Name:		driosx
	Account Domain:		CRIT
	Logon ID:		0x1604753

Privileges:		SeSecurityPrivilege
			SeBackupPrivilege
			SeRestorePrivilege
			SeTakeOwnershipPrivilege
			SeDebugPrivilege
			SeSystemEnvironmentPrivilege
			SeLoadDriverPrivilege
			SeImpersonatePrivilege","Microsoft-Windows-Security-Auditing","S-1-5-21-3517127094-4084499969-524712262-1103 driosx CRIT 0x1604753 SeSecurityPrivilege
			SeBackupPrivilege
			SeRestorePrivilege
			SeTakeOwnershipPrivilege
			SeDebugPrivilege
			SeSystemEnvironmentPrivilege
			SeLoadDriverPrivilege
			SeImpersonatePrivilege","4672","12/4/2019 11:13:06 AM","12/4/2019 11:13:06 AM",,,
"4634","ILCSWS008","597f41b0-3695-4be7-8780-ca8963d52b4c","True","ILCSWS008.critsol.net","System.Byte[]","8240","(12545)","12545","SuccessAudit","An account was logged off.

Subject:
	Security ID:		S-1-5-21-3517127094-4084499969-524712262-1103
	Account Name:		driosx
	Account Domain:		CRIT
	Logon ID:		0x1603e73

Logon Type:			3

This event is generated when a logon session is destroyed. It may be positively correlated with a logon event using the Logon ID value. Logon IDs are only unique between reboots on the same computer.","Microsoft-Windows-Security-Auditing","S-1-5-21-3517127094-4084499969-524712262-1103 driosx CRIT 0x1603e73 3","4634","12/4/2019 11:11:18 AM","12/4/2019 11:11:18 AM",,,
"4624","ILCSWS008","597f41b0-3695-4be7-8780-ca8963d52b4c","True","ILCSWS008.critsol.net","System.Byte[]","8239","(12544)","12544","SuccessAudit","An account was successfully logged on.

Subject:
	Security ID:		S-1-0-0
	Account Name:		-
	Account Domain:		-
	Logon ID:		0x0

Logon Type:			3

Impersonation Level:		%%1832

New Logon:
	Security ID:		S-1-5-21-3517127094-4084499969-524712262-1103
	Account Name:		driosx
	Account Domain:		CRIT
	Logon ID:		0x1603e73
	Logon GUID:		{5096F4B9-F9D4-C7F0-958C-7D5210C1F80E}

Process Information:
	Process ID:		0x0
	Process Name:		-

Network Information:
	Workstation Name:	-
	Source Network Address:	10.11.10.35
	Source Port:		40122

Detailed Authentication Information:
	Logon Process:		Kerberos
	Authentication Package:	Kerberos
	Transited Services:	-
	Package Name (NTLM only):	-
	Key Length:		0

This event is generated when a logon session is created. It is generated on the computer that was accessed.

The subject fields indicate the account on the local system which requested the logon. This is most commonly a service such as the Server service, or a local process such as Winlogon.exe or Services.exe.

The logon type field indicates the kind of logon that occurred. The most common types are 2 (interactive) and 3 (network).

The New Logon fields indicate the account for whom the new logon was created, i.e. the account that was logged on.

The network fields indicate where a remote logon request originated. Workstation name is not always available and may be left blank in some cases.

The impersonation level field indicates the extent to which a process in the logon session can impersonate.

The authentication information fields provide detailed information about this specific logon request.
	- Logon GUID is a unique identifier that can be used to correlate this event with a KDC event.
	- Transited services indicate which intermediate services have participated in this logon request.
	- Package name indicates which sub-protocol was used among the NTLM protocols.
	- Key length indicates the length of the generated session key. This will be 0 if no session key was requested.","Microsoft-Windows-Security-Auditing","S-1-0-0 - - 0x0 S-1-5-21-3517127094-4084499969-524712262-1103 driosx CRIT 0x1603e73 3 Kerberos Kerberos - {5096F4B9-F9D4-C7F0-958C-7D5210C1F80E} - - 0 0x0 - 10.11.10.35 40122 %%1832","4624","12/4/2019 11:11:05 AM","12/4/2019 11:11:05 AM",,,
"4672","ILCSWS008","597f41b0-3695-4be7-8780-ca8963d52b4c","True","ILCSWS008.critsol.net","System.Byte[]","8238","(12548)","12548","SuccessAudit","Special privileges assigned to new logon.

Subject:
	Security ID:		S-1-5-21-3517127094-4084499969-524712262-1103
	Account Name:		driosx
	Account Domain:		CRIT
	Logon ID:		0x1603e73

Privileges:		SeSecurityPrivilege
			SeBackupPrivilege
			SeRestorePrivilege
			SeTakeOwnershipPrivilege
			SeDebugPrivilege
			SeSystemEnvironmentPrivilege
			SeLoadDriverPrivilege
			SeImpersonatePrivilege","Microsoft-Windows-Security-Auditing","S-1-5-21-3517127094-4084499969-524712262-1103 driosx CRIT 0x1603e73 SeSecurityPrivilege
			SeBackupPrivilege
			SeRestorePrivilege
			SeTakeOwnershipPrivilege
			SeDebugPrivilege
			SeSystemEnvironmentPrivilege
			SeLoadDriverPrivilege
			SeImpersonatePrivilege","4672","12/4/2019 11:11:05 AM","12/4/2019 11:11:05 AM",,,
"4634","ILCSWS008","597f41b0-3695-4be7-8780-ca8963d52b4c","True","ILCSWS008.critsol.net","System.Byte[]","8237","(12545)","12545","SuccessAudit","An account was logged off.

Subject:
	Security ID:		S-1-5-21-3517127094-4084499969-524712262-1103
	Account Name:		driosx
	Account Domain:		CRIT
	Logon ID:		0x1603845

Logon Type:			3

This event is generated when a logon session is destroyed. It may be positively correlated with a logon event using the Logon ID value. Logon IDs are only unique between reboots on the same computer.","Microsoft-Windows-Security-Auditing","S-1-5-21-3517127094-4084499969-524712262-1103 driosx CRIT 0x1603845 3","4634","12/4/2019 11:09:16 AM","12/4/2019 11:09:16 AM",,,
"4624","ILCSWS008","597f41b0-3695-4be7-8780-ca8963d52b4c","True","ILCSWS008.critsol.net","System.Byte[]","8236","(12544)","12544","SuccessAudit","An account was successfully logged on.

Subject:
	Security ID:		S-1-0-0
	Account Name:		-
	Account Domain:		-
	Logon ID:		0x0

Logon Type:			3

Impersonation Level:		%%1832

New Logon:
	Security ID:		S-1-5-21-3517127094-4084499969-524712262-1103
	Account Name:		driosx
	Account Domain:		CRIT
	Logon ID:		0x1603845
	Logon GUID:		{5096F4B9-F9D4-C7F0-958C-7D5210C1F80E}

Process Information:
	Process ID:		0x0
	Process Name:		-

Network Information:
	Workstation Name:	-
	Source Network Address:	10.11.10.35
	Source Port:		40092

Detailed Authentication Information:
	Logon Process:		Kerberos
	Authentication Package:	Kerberos
	Transited Services:	-
	Package Name (NTLM only):	-
	Key Length:		0

This event is generated when a logon session is created. It is generated on the computer that was accessed.

The subject fields indicate the account on the local system which requested the logon. This is most commonly a service such as the Server service, or a local process such as Winlogon.exe or Services.exe.

The logon type field indicates the kind of logon that occurred. The most common types are 2 (interactive) and 3 (network).

The New Logon fields indicate the account for whom the new logon was created, i.e. the account that was logged on.

The network fields indicate where a remote logon request originated. Workstation name is not always available and may be left blank in some cases.

The impersonation level field indicates the extent to which a process in the logon session can impersonate.

The authentication information fields provide detailed information about this specific logon request.
	- Logon GUID is a unique identifier that can be used to correlate this event with a KDC event.
	- Transited services indicate which intermediate services have participated in this logon request.
	- Package name indicates which sub-protocol was used among the NTLM protocols.
	- Key length indicates the length of the generated session key. This will be 0 if no session key was requested.","Microsoft-Windows-Security-Auditing","S-1-0-0 - - 0x0 S-1-5-21-3517127094-4084499969-524712262-1103 driosx CRIT 0x1603845 3 Kerberos Kerberos - {5096F4B9-F9D4-C7F0-958C-7D5210C1F80E} - - 0 0x0 - 10.11.10.35 40092 %%1832","4624","12/4/2019 11:09:04 AM","12/4/2019 11:09:04 AM",,,
"4672","ILCSWS008","597f41b0-3695-4be7-8780-ca8963d52b4c","True","ILCSWS008.critsol.net","System.Byte[]","8235","(12548)","12548","SuccessAudit","Special privileges assigned to new logon.

Subject:
	Security ID:		S-1-5-21-3517127094-4084499969-524712262-1103
	Account Name:		driosx
	Account Domain:		CRIT
	Logon ID:		0x1603845

Privileges:		SeSecurityPrivilege
			SeBackupPrivilege
			SeRestorePrivilege
			SeTakeOwnershipPrivilege
			SeDebugPrivilege
			SeSystemEnvironmentPrivilege
			SeLoadDriverPrivilege
			SeImpersonatePrivilege","Microsoft-Windows-Security-Auditing","S-1-5-21-3517127094-4084499969-524712262-1103 driosx CRIT 0x1603845 SeSecurityPrivilege
			SeBackupPrivilege
			SeRestorePrivilege
			SeTakeOwnershipPrivilege
			SeDebugPrivilege
			SeSystemEnvironmentPrivilege
			SeLoadDriverPrivilege
			SeImpersonatePrivilege","4672","12/4/2019 11:09:04 AM","12/4/2019 11:09:04 AM",,,
"4634","ILCSWS008","597f41b0-3695-4be7-8780-ca8963d52b4c","True","ILCSWS008.critsol.net","System.Byte[]","8234","(12545)","12545","SuccessAudit","An account was logged off.

Subject:
	Security ID:		S-1-5-21-3517127094-4084499969-524712262-1103
	Account Name:		driosx
	Account Domain:		CRIT
	Logon ID:		0x1602b8d

Logon Type:			3

This event is generated when a logon session is destroyed. It may be positively correlated with a logon event using the Logon ID value. Logon IDs are only unique between reboots on the same computer.","Microsoft-Windows-Security-Auditing","S-1-5-21-3517127094-4084499969-524712262-1103 driosx CRIT 0x1602b8d 3","4634","12/4/2019 11:07:15 AM","12/4/2019 11:07:15 AM",,,
"4624","ILCSWS008","597f41b0-3695-4be7-8780-ca8963d52b4c","True","ILCSWS008.critsol.net","System.Byte[]","8233","(12544)","12544","SuccessAudit","An account was successfully logged on.

Subject:
	Security ID:		S-1-0-0
	Account Name:		-
	Account Domain:		-
	Logon ID:		0x0

Logon Type:			3

Impersonation Level:		%%1832

New Logon:
	Security ID:		S-1-5-21-3517127094-4084499969-524712262-1103
	Account Name:		driosx
	Account Domain:		CRIT
	Logon ID:		0x1602b8d
	Logon GUID:		{5096F4B9-F9D4-C7F0-958C-7D5210C1F80E}

Process Information:
	Process ID:		0x0
	Process Name:		-

Network Information:
	Workstation Name:	-
	Source Network Address:	10.11.10.35
	Source Port:		40054

Detailed Authentication Information:
	Logon Process:		Kerberos
	Authentication Package:	Kerberos
	Transited Services:	-
	Package Name (NTLM only):	-
	Key Length:		0

This event is generated when a logon session is created. It is generated on the computer that was accessed.

The subject fields indicate the account on the local system which requested the logon. This is most commonly a service such as the Server service, or a local process such as Winlogon.exe or Services.exe.

The logon type field indicates the kind of logon that occurred. The most common types are 2 (interactive) and 3 (network).

The New Logon fields indicate the account for whom the new logon was created, i.e. the account that was logged on.

The network fields indicate where a remote logon request originated. Workstation name is not always available and may be left blank in some cases.

The impersonation level field indicates the extent to which a process in the logon session can impersonate.

The authentication information fields provide detailed information about this specific logon request.
	- Logon GUID is a unique identifier that can be used to correlate this event with a KDC event.
	- Transited services indicate which intermediate services have participated in this logon request.
	- Package name indicates which sub-protocol was used among the NTLM protocols.
	- Key length indicates the length of the generated session key. This will be 0 if no session key was requested.","Microsoft-Windows-Security-Auditing","S-1-0-0 - - 0x0 S-1-5-21-3517127094-4084499969-524712262-1103 driosx CRIT 0x1602b8d 3 Kerberos Kerberos - {5096F4B9-F9D4-C7F0-958C-7D5210C1F80E} - - 0 0x0 - 10.11.10.35 40054 %%1832","4624","12/4/2019 11:07:03 AM","12/4/2019 11:07:03 AM",,,
"4672","ILCSWS008","597f41b0-3695-4be7-8780-ca8963d52b4c","True","ILCSWS008.critsol.net","System.Byte[]","8232","(12548)","12548","SuccessAudit","Special privileges assigned to new logon.

Subject:
	Security ID:		S-1-5-21-3517127094-4084499969-524712262-1103
	Account Name:		driosx
	Account Domain:		CRIT
	Logon ID:		0x1602b8d

Privileges:		SeSecurityPrivilege
			SeBackupPrivilege
			SeRestorePrivilege
			SeTakeOwnershipPrivilege
			SeDebugPrivilege
			SeSystemEnvironmentPrivilege
			SeLoadDriverPrivilege
			SeImpersonatePrivilege","Microsoft-Windows-Security-Auditing","S-1-5-21-3517127094-4084499969-524712262-1103 driosx CRIT 0x1602b8d SeSecurityPrivilege
			SeBackupPrivilege
			SeRestorePrivilege
			SeTakeOwnershipPrivilege
			SeDebugPrivilege
			SeSystemEnvironmentPrivilege
			SeLoadDriverPrivilege
			SeImpersonatePrivilege","4672","12/4/2019 11:07:03 AM","12/4/2019 11:07:03 AM",,,
"4634","ILCSWS008","597f41b0-3695-4be7-8780-ca8963d52b4c","True","ILCSWS008.critsol.net","System.Byte[]","8231","(12545)","12545","SuccessAudit","An account was logged off.

Subject:
	Security ID:		S-1-5-21-3517127094-4084499969-524712262-1103
	Account Name:		driosx
	Account Domain:		CRIT
	Logon ID:		0x1602444

Logon Type:			3

This event is generated when a logon session is destroyed. It may be positively correlated with a logon event using the Logon ID value. Logon IDs are only unique between reboots on the same computer.","Microsoft-Windows-Security-Auditing","S-1-5-21-3517127094-4084499969-524712262-1103 driosx CRIT 0x1602444 3","4634","12/4/2019 11:05:14 AM","12/4/2019 11:05:14 AM",,,
"4624","ILCSWS008","597f41b0-3695-4be7-8780-ca8963d52b4c","True","ILCSWS008.critsol.net","System.Byte[]","8230","(12544)","12544","SuccessAudit","An account was successfully logged on.

Subject:
	Security ID:		S-1-0-0
	Account Name:		-
	Account Domain:		-
	Logon ID:		0x0

Logon Type:			3

Impersonation Level:		%%1832

New Logon:
	Security ID:		S-1-5-21-3517127094-4084499969-524712262-1103
	Account Name:		driosx
	Account Domain:		CRIT
	Logon ID:		0x1602444
	Logon GUID:		{5096F4B9-F9D4-C7F0-958C-7D5210C1F80E}

Process Information:
	Process ID:		0x0
	Process Name:		-

Network Information:
	Workstation Name:	-
	Source Network Address:	10.11.10.35
	Source Port:		39976

Detailed Authentication Information:
	Logon Process:		Kerberos
	Authentication Package:	Kerberos
	Transited Services:	-
	Package Name (NTLM only):	-
	Key Length:		0

This event is generated when a logon session is created. It is generated on the computer that was accessed.

The subject fields indicate the account on the local system which requested the logon. This is most commonly a service such as the Server service, or a local process such as Winlogon.exe or Services.exe.

The logon type field indicates the kind of logon that occurred. The most common types are 2 (interactive) and 3 (network).

The New Logon fields indicate the account for whom the new logon was created, i.e. the account that was logged on.

The network fields indicate where a remote logon request originated. Workstation name is not always available and may be left blank in some cases.

The impersonation level field indicates the extent to which a process in the logon session can impersonate.

The authentication information fields provide detailed information about this specific logon request.
	- Logon GUID is a unique identifier that can be used to correlate this event with a KDC event.
	- Transited services indicate which intermediate services have participated in this logon request.
	- Package name indicates which sub-protocol was used among the NTLM protocols.
	- Key length indicates the length of the generated session key. This will be 0 if no session key was requested.","Microsoft-Windows-Security-Auditing","S-1-0-0 - - 0x0 S-1-5-21-3517127094-4084499969-524712262-1103 driosx CRIT 0x1602444 3 Kerberos Kerberos - {5096F4B9-F9D4-C7F0-958C-7D5210C1F80E} - - 0 0x0 - 10.11.10.35 39976 %%1832","4624","12/4/2019 11:05:02 AM","12/4/2019 11:05:02 AM",,,
"4672","ILCSWS008","597f41b0-3695-4be7-8780-ca8963d52b4c","True","ILCSWS008.critsol.net","System.Byte[]","8229","(12548)","12548","SuccessAudit","Special privileges assigned to new logon.

Subject:
	Security ID:		S-1-5-21-3517127094-4084499969-524712262-1103
	Account Name:		driosx
	Account Domain:		CRIT
	Logon ID:		0x1602444

Privileges:		SeSecurityPrivilege
			SeBackupPrivilege
			SeRestorePrivilege
			SeTakeOwnershipPrivilege
			SeDebugPrivilege
			SeSystemEnvironmentPrivilege
			SeLoadDriverPrivilege
			SeImpersonatePrivilege","Microsoft-Windows-Security-Auditing","S-1-5-21-3517127094-4084499969-524712262-1103 driosx CRIT 0x1602444 SeSecurityPrivilege
			SeBackupPrivilege
			SeRestorePrivilege
			SeTakeOwnershipPrivilege
			SeDebugPrivilege
			SeSystemEnvironmentPrivilege
			SeLoadDriverPrivilege
			SeImpersonatePrivilege","4672","12/4/2019 11:05:02 AM","12/4/2019 11:05:02 AM",,,
"4634","ILCSWS008","597f41b0-3695-4be7-8780-ca8963d52b4c","True","ILCSWS008.critsol.net","System.Byte[]","8228","(12545)","12545","SuccessAudit","An account was logged off.

Subject:
	Security ID:		S-1-5-21-3517127094-4084499969-524712262-1103
	Account Name:		driosx
	Account Domain:		CRIT
	Logon ID:		0x1601d7d

Logon Type:			3

This event is generated when a logon session is destroyed. It may be positively correlated with a logon event using the Logon ID value. Logon IDs are only unique between reboots on the same computer.","Microsoft-Windows-Security-Auditing","S-1-5-21-3517127094-4084499969-524712262-1103 driosx CRIT 0x1601d7d 3","4634","12/4/2019 11:03:59 AM","12/4/2019 11:03:59 AM",,,
"4634","ILCSWS008","597f41b0-3695-4be7-8780-ca8963d52b4c","True","ILCSWS008.critsol.net","System.Byte[]","8227","(12545)","12545","SuccessAudit","An account was logged off.

Subject:
	Security ID:		S-1-5-21-3517127094-4084499969-524712262-1103
	Account Name:		driosx
	Account Domain:		CRIT
	Logon ID:		0x1601d8f

Logon Type:			3

This event is generated when a logon session is destroyed. It may be positively correlated with a logon event using the Logon ID value. Logon IDs are only unique between reboots on the same computer.","Microsoft-Windows-Security-Auditing","S-1-5-21-3517127094-4084499969-524712262-1103 driosx CRIT 0x1601d8f 3","4634","12/4/2019 11:03:59 AM","12/4/2019 11:03:59 AM",,,
"4624","ILCSWS008","597f41b0-3695-4be7-8780-ca8963d52b4c","True","ILCSWS008.critsol.net","System.Byte[]","8226","(12544)","12544","SuccessAudit","An account was successfully logged on.

Subject:
	Security ID:		S-1-0-0
	Account Name:		-
	Account Domain:		-
	Logon ID:		0x0

Logon Type:			3

Impersonation Level:		%%1832

New Logon:
	Security ID:		S-1-5-21-3517127094-4084499969-524712262-1103
	Account Name:		driosx
	Account Domain:		CRIT
	Logon ID:		0x1601d8f
	Logon GUID:		{6EEAA79A-66F8-22CA-1A10-511A6DA94D24}

Process Information:
	Process ID:		0x0
	Process Name:		-

Network Information:
	Workstation Name:	-
	Source Network Address:	10.11.10.35
	Source Port:		39966

Detailed Authentication Information:
	Logon Process:		Kerberos
	Authentication Package:	Kerberos
	Transited Services:	-
	Package Name (NTLM only):	-
	Key Length:		0

This event is generated when a logon session is created. It is generated on the computer that was accessed.

The subject fields indicate the account on the local system which requested the logon. This is most commonly a service such as the Server service, or a local process such as Winlogon.exe or Services.exe.

The logon type field indicates the kind of logon that occurred. The most common types are 2 (interactive) and 3 (network).

The New Logon fields indicate the account for whom the new logon was created, i.e. the account that was logged on.

The network fields indicate where a remote logon request originated. Workstation name is not always available and may be left blank in some cases.

The impersonation level field indicates the extent to which a process in the logon session can impersonate.

The authentication information fields provide detailed information about this specific logon request.
	- Logon GUID is a unique identifier that can be used to correlate this event with a KDC event.
	- Transited services indicate which intermediate services have participated in this logon request.
	- Package name indicates which sub-protocol was used among the NTLM protocols.
	- Key length indicates the length of the generated session key. This will be 0 if no session key was requested.","Microsoft-Windows-Security-Auditing","S-1-0-0 - - 0x0 S-1-5-21-3517127094-4084499969-524712262-1103 driosx CRIT 0x1601d8f 3 Kerberos Kerberos - {6EEAA79A-66F8-22CA-1A10-511A6DA94D24} - - 0 0x0 - 10.11.10.35 39966 %%1832","4624","12/4/2019 11:03:44 AM","12/4/2019 11:03:44 AM",,,
"4672","ILCSWS008","597f41b0-3695-4be7-8780-ca8963d52b4c","True","ILCSWS008.critsol.net","System.Byte[]","8225","(12548)","12548","SuccessAudit","Special privileges assigned to new logon.

Subject:
	Security ID:		S-1-5-21-3517127094-4084499969-524712262-1103
	Account Name:		driosx
	Account Domain:		CRIT
	Logon ID:		0x1601d8f

Privileges:		SeSecurityPrivilege
			SeBackupPrivilege
			SeRestorePrivilege
			SeTakeOwnershipPrivilege
			SeDebugPrivilege
			SeSystemEnvironmentPrivilege
			SeLoadDriverPrivilege
			SeImpersonatePrivilege","Microsoft-Windows-Security-Auditing","S-1-5-21-3517127094-4084499969-524712262-1103 driosx CRIT 0x1601d8f SeSecurityPrivilege
			SeBackupPrivilege
			SeRestorePrivilege
			SeTakeOwnershipPrivilege
			SeDebugPrivilege
			SeSystemEnvironmentPrivilege
			SeLoadDriverPrivilege
			SeImpersonatePrivilege","4672","12/4/2019 11:03:44 AM","12/4/2019 11:03:44 AM",,,
"4624","ILCSWS008","597f41b0-3695-4be7-8780-ca8963d52b4c","True","ILCSWS008.critsol.net","System.Byte[]","8224","(12544)","12544","SuccessAudit","An account was successfully logged on.

Subject:
	Security ID:		S-1-0-0
	Account Name:		-
	Account Domain:		-
	Logon ID:		0x0

Logon Type:			3

Impersonation Level:		%%1832

New Logon:
	Security ID:		S-1-5-21-3517127094-4084499969-524712262-1103
	Account Name:		driosx
	Account Domain:		CRIT
	Logon ID:		0x1601d7d
	Logon GUID:		{6EEAA79A-66F8-22CA-1A10-511A6DA94D24}

Process Information:
	Process ID:		0x0
	Process Name:		-

Network Information:
	Workstation Name:	-
	Source Network Address:	10.11.10.35
	Source Port:		39965

Detailed Authentication Information:
	Logon Process:		Kerberos
	Authentication Package:	Kerberos
	Transited Services:	-
	Package Name (NTLM only):	-
	Key Length:		0

This event is generated when a logon session is created. It is generated on the computer that was accessed.

The subject fields indicate the account on the local system which requested the logon. This is most commonly a service such as the Server service, or a local process such as Winlogon.exe or Services.exe.

The logon type field indicates the kind of logon that occurred. The most common types are 2 (interactive) and 3 (network).

The New Logon fields indicate the account for whom the new logon was created, i.e. the account that was logged on.

The network fields indicate where a remote logon request originated. Workstation name is not always available and may be left blank in some cases.

The impersonation level field indicates the extent to which a process in the logon session can impersonate.

The authentication information fields provide detailed information about this specific logon request.
	- Logon GUID is a unique identifier that can be used to correlate this event with a KDC event.
	- Transited services indicate which intermediate services have participated in this logon request.
	- Package name indicates which sub-protocol was used among the NTLM protocols.
	- Key length indicates the length of the generated session key. This will be 0 if no session key was requested.","Microsoft-Windows-Security-Auditing","S-1-0-0 - - 0x0 S-1-5-21-3517127094-4084499969-524712262-1103 driosx CRIT 0x1601d7d 3 Kerberos Kerberos - {6EEAA79A-66F8-22CA-1A10-511A6DA94D24} - - 0 0x0 - 10.11.10.35 39965 %%1832","4624","12/4/2019 11:03:44 AM","12/4/2019 11:03:44 AM",,,
"4672","ILCSWS008","597f41b0-3695-4be7-8780-ca8963d52b4c","True","ILCSWS008.critsol.net","System.Byte[]","8223","(12548)","12548","SuccessAudit","Special privileges assigned to new logon.

Subject:
	Security ID:		S-1-5-21-3517127094-4084499969-524712262-1103
	Account Name:		driosx
	Account Domain:		CRIT
	Logon ID:		0x1601d7d

Privileges:		SeSecurityPrivilege
			SeBackupPrivilege
			SeRestorePrivilege
			SeTakeOwnershipPrivilege
			SeDebugPrivilege
			SeSystemEnvironmentPrivilege
			SeLoadDriverPrivilege
			SeImpersonatePrivilege","Microsoft-Windows-Security-Auditing","S-1-5-21-3517127094-4084499969-524712262-1103 driosx CRIT 0x1601d7d SeSecurityPrivilege
			SeBackupPrivilege
			SeRestorePrivilege
			SeTakeOwnershipPrivilege
			SeDebugPrivilege
			SeSystemEnvironmentPrivilege
			SeLoadDriverPrivilege
			SeImpersonatePrivilege","4672","12/4/2019 11:03:44 AM","12/4/2019 11:03:44 AM",,,
"4634","ILCSWS008","597f41b0-3695-4be7-8780-ca8963d52b4c","True","ILCSWS008.critsol.net","System.Byte[]","8222","(12545)","12545","SuccessAudit","An account was logged off.

Subject:
	Security ID:		S-1-5-21-3517127094-4084499969-524712262-1103
	Account Name:		driosx
	Account Domain:		CRIT
	Logon ID:		0x1601baa

Logon Type:			3

This event is generated when a logon session is destroyed. It may be positively correlated with a logon event using the Logon ID value. Logon IDs are only unique between reboots on the same computer.","Microsoft-Windows-Security-Auditing","S-1-5-21-3517127094-4084499969-524712262-1103 driosx CRIT 0x1601baa 3","4634","12/4/2019 11:03:14 AM","12/4/2019 11:03:14 AM",,,
"4624","ILCSWS008","597f41b0-3695-4be7-8780-ca8963d52b4c","True","ILCSWS008.critsol.net","System.Byte[]","8221","(12544)","12544","SuccessAudit","An account was successfully logged on.

Subject:
	Security ID:		S-1-0-0
	Account Name:		-
	Account Domain:		-
	Logon ID:		0x0

Logon Type:			3

Impersonation Level:		%%1832

New Logon:
	Security ID:		S-1-5-21-3517127094-4084499969-524712262-1103
	Account Name:		driosx
	Account Domain:		CRIT
	Logon ID:		0x1601baa
	Logon GUID:		{5096F4B9-F9D4-C7F0-958C-7D5210C1F80E}

Process Information:
	Process ID:		0x0
	Process Name:		-

Network Information:
	Workstation Name:	-
	Source Network Address:	10.11.10.35
	Source Port:		39961

Detailed Authentication Information:
	Logon Process:		Kerberos
	Authentication Package:	Kerberos
	Transited Services:	-
	Package Name (NTLM only):	-
	Key Length:		0

This event is generated when a logon session is created. It is generated on the computer that was accessed.

The subject fields indicate the account on the local system which requested the logon. This is most commonly a service such as the Server service, or a local process such as Winlogon.exe or Services.exe.

The logon type field indicates the kind of logon that occurred. The most common types are 2 (interactive) and 3 (network).

The New Logon fields indicate the account for whom the new logon was created, i.e. the account that was logged on.

The network fields indicate where a remote logon request originated. Workstation name is not always available and may be left blank in some cases.

The impersonation level field indicates the extent to which a process in the logon session can impersonate.

The authentication information fields provide detailed information about this specific logon request.
	- Logon GUID is a unique identifier that can be used to correlate this event with a KDC event.
	- Transited services indicate which intermediate services have participated in this logon request.
	- Package name indicates which sub-protocol was used among the NTLM protocols.
	- Key length indicates the length of the generated session key. This will be 0 if no session key was requested.","Microsoft-Windows-Security-Auditing","S-1-0-0 - - 0x0 S-1-5-21-3517127094-4084499969-524712262-1103 driosx CRIT 0x1601baa 3 Kerberos Kerberos - {5096F4B9-F9D4-C7F0-958C-7D5210C1F80E} - - 0 0x0 - 10.11.10.35 39961 %%1832","4624","12/4/2019 11:03:02 AM","12/4/2019 11:03:02 AM",,,
"4672","ILCSWS008","597f41b0-3695-4be7-8780-ca8963d52b4c","True","ILCSWS008.critsol.net","System.Byte[]","8220","(12548)","12548","SuccessAudit","Special privileges assigned to new logon.

Subject:
	Security ID:		S-1-5-21-3517127094-4084499969-524712262-1103
	Account Name:		driosx
	Account Domain:		CRIT
	Logon ID:		0x1601baa

Privileges:		SeSecurityPrivilege
			SeBackupPrivilege
			SeRestorePrivilege
			SeTakeOwnershipPrivilege
			SeDebugPrivilege
			SeSystemEnvironmentPrivilege
			SeLoadDriverPrivilege
			SeImpersonatePrivilege","Microsoft-Windows-Security-Auditing","S-1-5-21-3517127094-4084499969-524712262-1103 driosx CRIT 0x1601baa SeSecurityPrivilege
			SeBackupPrivilege
			SeRestorePrivilege
			SeTakeOwnershipPrivilege
			SeDebugPrivilege
			SeSystemEnvironmentPrivilege
			SeLoadDriverPrivilege
			SeImpersonatePrivilege","4672","12/4/2019 11:03:02 AM","12/4/2019 11:03:02 AM",,,
"4634","ILCSWS008","597f41b0-3695-4be7-8780-ca8963d52b4c","True","ILCSWS008.critsol.net","System.Byte[]","8219","(12545)","12545","SuccessAudit","An account was logged off.

Subject:
	Security ID:		S-1-5-21-3517127094-4084499969-524712262-1103
	Account Name:		driosx
	Account Domain:		CRIT
	Logon ID:		0x160153d

Logon Type:			3

This event is generated when a logon session is destroyed. It may be positively correlated with a logon event using the Logon ID value. Logon IDs are only unique between reboots on the same computer.","Microsoft-Windows-Security-Auditing","S-1-5-21-3517127094-4084499969-524712262-1103 driosx CRIT 0x160153d 3","4634","12/4/2019 11:01:14 AM","12/4/2019 11:01:14 AM",,,
"4624","ILCSWS008","597f41b0-3695-4be7-8780-ca8963d52b4c","True","ILCSWS008.critsol.net","System.Byte[]","8218","(12544)","12544","SuccessAudit","An account was successfully logged on.

Subject:
	Security ID:		S-1-0-0
	Account Name:		-
	Account Domain:		-
	Logon ID:		0x0

Logon Type:			3

Impersonation Level:		%%1832

New Logon:
	Security ID:		S-1-5-21-3517127094-4084499969-524712262-1103
	Account Name:		driosx
	Account Domain:		CRIT
	Logon ID:		0x160153d
	Logon GUID:		{5096F4B9-F9D4-C7F0-958C-7D5210C1F80E}

Process Information:
	Process ID:		0x0
	Process Name:		-

Network Information:
	Workstation Name:	-
	Source Network Address:	10.11.10.35
	Source Port:		39944

Detailed Authentication Information:
	Logon Process:		Kerberos
	Authentication Package:	Kerberos
	Transited Services:	-
	Package Name (NTLM only):	-
	Key Length:		0

This event is generated when a logon session is created. It is generated on the computer that was accessed.

The subject fields indicate the account on the local system which requested the logon. This is most commonly a service such as the Server service, or a local process such as Winlogon.exe or Services.exe.

The logon type field indicates the kind of logon that occurred. The most common types are 2 (interactive) and 3 (network).

The New Logon fields indicate the account for whom the new logon was created, i.e. the account that was logged on.

The network fields indicate where a remote logon request originated. Workstation name is not always available and may be left blank in some cases.

The impersonation level field indicates the extent to which a process in the logon session can impersonate.

The authentication information fields provide detailed information about this specific logon request.
	- Logon GUID is a unique identifier that can be used to correlate this event with a KDC event.
	- Transited services indicate which intermediate services have participated in this logon request.
	- Package name indicates which sub-protocol was used among the NTLM protocols.
	- Key length indicates the length of the generated session key. This will be 0 if no session key was requested.","Microsoft-Windows-Security-Auditing","S-1-0-0 - - 0x0 S-1-5-21-3517127094-4084499969-524712262-1103 driosx CRIT 0x160153d 3 Kerberos Kerberos - {5096F4B9-F9D4-C7F0-958C-7D5210C1F80E} - - 0 0x0 - 10.11.10.35 39944 %%1832","4624","12/4/2019 11:01:01 AM","12/4/2019 11:01:01 AM",,,
"4627","ILCSDC0","1f44b6c9-f7b5-4049-be1c-c47954ec3bdc","True","ILCSDC0.critsol.net","System.Byte[]","3274002","(12554)","12554","SuccessAudit","Group membership information.

Subject:
	Security ID:		S-1-0-0
	Account Name:		-
	Account Domain:		-
	Logon ID:		0x0

Logon Type:			3

New Logon:
	Security ID:		S-1-5-21-3517127094-4084499969-524712262-1103
	Account Name:		driosx
	Account Domain:		CRITSOL.NET
	Logon ID:		0x32ea501

Event in sequence:		1 of 1

Group Membership:			
		%{S-1-5-21-3517127094-4084499969-524712262-513}
		%{S-1-1-0}
		%{S-1-5-32-545}
		%{S-1-5-32-554}
		%{S-1-5-32-544}
		%{S-1-5-32-548}
		%{S-1-5-32-550}
		%{S-1-5-32-555}
		%{S-1-5-32-556}
		%{S-1-5-32-558}
		%{S-1-5-32-559}
		%{S-1-5-32-568}
		%{S-1-5-32-573}
		%{S-1-5-32-580}
		%{S-1-5-32-549}
		%{S-1-5-2}
		%{S-1-5-11}
		%{S-1-5-15}
		%{S-1-5-21-3517127094-4084499969-524712262-512}
		%{S-1-5-21-3517127094-4084499969-524712262-1131}
		%{S-1-5-21-3517127094-4084499969-524712262-1104}
		%{S-1-5-21-3517127094-4084499969-524712262-1118}
		%{S-1-5-21-3517127094-4084499969-524712262-1112}
		%{S-1-5-21-3517127094-4084499969-524712262-520}
		%{S-1-5-21-3517127094-4084499969-524712262-1119}
		%{S-1-18-1}
		%{S-1-5-21-3517127094-4084499969-524712262-572}
		%{S-1-5-21-3517127094-4084499969-524712262-1101}
		%{S-1-5-21-3517127094-4084499969-524712262-1106}
		%{S-1-16-12288}

The subject fields indicate the account on the local system which requested the logon. This is most commonly a service such as the Server service, or a local process such as Winlogon.exe or Services.exe.

The logon type field indicates the kind of logon that occurred. The most common types are 2 (interactive) and 3 (network).

The New Logon fields indicate the account for whom the new logon was created, i.e. the account that was logged on.

This event is generated when the Audit Group Membership subcategory is configured.  The Logon ID field can be used to correlate this event with the corresponding user logon event as well as to any other security audit events generated during this logon session.","Microsoft-Windows-Security-Auditing","S-1-0-0 - - 0x0 S-1-5-21-3517127094-4084499969-524712262-1103 driosx CRITSOL.NET 0x32ea501 3 1 1 
		%{S-1-5-21-3517127094-4084499969-524712262-513}
		%{S-1-1-0}
		%{S-1-5-32-545}
		%{S-1-5-32-554}
		%{S-1-5-32-544}
		%{S-1-5-32-548}
		%{S-1-5-32-550}
		%{S-1-5-32-555}
		%{S-1-5-32-556}
		%{S-1-5-32-558}
		%{S-1-5-32-559}
		%{S-1-5-32-568}
		%{S-1-5-32-573}
		%{S-1-5-32-580}
		%{S-1-5-32-549}
		%{S-1-5-2}
		%{S-1-5-11}
		%{S-1-5-15}
		%{S-1-5-21-3517127094-4084499969-524712262-512}
		%{S-1-5-21-3517127094-4084499969-524712262-1131}
		%{S-1-5-21-3517127094-4084499969-524712262-1104}
		%{S-1-5-21-3517127094-4084499969-524712262-1118}
		%{S-1-5-21-3517127094-4084499969-524712262-1112}
		%{S-1-5-21-3517127094-4084499969-524712262-520}
		%{S-1-5-21-3517127094-4084499969-524712262-1119}
		%{S-1-18-1}
		%{S-1-5-21-3517127094-4084499969-524712262-572}
		%{S-1-5-21-3517127094-4084499969-524712262-1101}
		%{S-1-5-21-3517127094-4084499969-524712262-1106}
		%{S-1-16-12288}","4627","12/4/2019 11:56:57 AM","12/4/2019 11:56:57 AM",,,
"4624","ILCSDC0","1f44b6c9-f7b5-4049-be1c-c47954ec3bdc","True","ILCSDC0.critsol.net","System.Byte[]","3274001","(12544)","12544","SuccessAudit","An account was successfully logged on.

Subject:
	Security ID:		S-1-0-0
	Account Name:		-
	Account Domain:		-
	Logon ID:		0x0

Logon Information:
	Logon Type:		3
	Restricted Admin Mode:	-
	Virtual Account:		%%1843
	Elevated Token:		%%1842

Impersonation Level:		%%1840

New Logon:
	Security ID:		S-1-5-21-3517127094-4084499969-524712262-1103
	Account Name:		driosx
	Account Domain:		CRITSOL.NET
	Logon ID:		0x32ea501
	Linked Logon ID:		0x0
	Network Account Name:	-
	Network Account Domain:	-
	Logon GUID:		{1BC49273-1D1C-5FD9-B636-A636D07E26E4}

Process Information:
	Process ID:		0x0
	Process Name:		-

Network Information:
	Workstation Name:	-
	Source Network Address:	-
	Source Port:		-

Detailed Authentication Information:
	Logon Process:		Kerberos
	Authentication Package:	Kerberos
	Transited Services:	-
	Package Name (NTLM only):	-
	Key Length:		0

This event is generated when a logon session is created. It is generated on the computer that was accessed.

The subject fields indicate the account on the local system which requested the logon. This is most commonly a service such as the Server service, or a local process such as Winlogon.exe or Services.exe.

The logon type field indicates the kind of logon that occurred. The most common types are 2 (interactive) and 3 (network).

The New Logon fields indicate the account for whom the new logon was created, i.e. the account that was logged on.

The network fields indicate where a remote logon request originated. Workstation name is not always available and may be left blank in some cases.

The impersonation level field indicates the extent to which a process in the logon session can impersonate.

The authentication information fields provide detailed information about this specific logon request.
	- Logon GUID is a unique identifier that can be used to correlate this event with a KDC event.
	- Transited services indicate which intermediate services have participated in this logon request.
	- Package name indicates which sub-protocol was used among the NTLM protocols.
	- Key length indicates the length of the generated session key. This will be 0 if no session key was requested.","Microsoft-Windows-Security-Auditing","S-1-0-0 - - 0x0 S-1-5-21-3517127094-4084499969-524712262-1103 driosx CRITSOL.NET 0x32ea501 3 Kerberos Kerberos - {1BC49273-1D1C-5FD9-B636-A636D07E26E4} - - 0 0x0 - - - %%1840 - - - %%1843 0x0 %%1842","4624","12/4/2019 11:56:57 AM","12/4/2019 11:56:57 AM",,,
"4672","ILCSDC0","1f44b6c9-f7b5-4049-be1c-c47954ec3bdc","True","ILCSDC0.critsol.net","System.Byte[]","3274000","(12548)","12548","SuccessAudit","Special privileges assigned to new logon.

Subject:
	Security ID:		S-1-5-21-3517127094-4084499969-524712262-1103
	Account Name:		driosx
	Account Domain:		CRIT
	Logon ID:		0x32ea501

Privileges:		SeSecurityPrivilege
			SeBackupPrivilege
			SeRestorePrivilege
			SeTakeOwnershipPrivilege
			SeDebugPrivilege
			SeSystemEnvironmentPrivilege
			SeLoadDriverPrivilege
			SeImpersonatePrivilege
			SeDelegateSessionUserImpersonatePrivilege
			SeEnableDelegationPrivilege","Microsoft-Windows-Security-Auditing","S-1-5-21-3517127094-4084499969-524712262-1103 driosx CRIT 0x32ea501 SeSecurityPrivilege
			SeBackupPrivilege
			SeRestorePrivilege
			SeTakeOwnershipPrivilege
			SeDebugPrivilege
			SeSystemEnvironmentPrivilege
			SeLoadDriverPrivilege
			SeImpersonatePrivilege
			SeDelegateSessionUserImpersonatePrivilege
			SeEnableDelegationPrivilege","4672","12/4/2019 11:56:57 AM","12/4/2019 11:56:57 AM",,,
"4634","ILCSDC0","1f44b6c9-f7b5-4049-be1c-c47954ec3bdc","True","ILCSDC0.critsol.net","System.Byte[]","3273999","(12545)","12545","SuccessAudit","An account was logged off.

Subject:
	Security ID:		S-1-5-21-3517127094-4084499969-524712262-1103
	Account Name:		driosx
	Account Domain:		CRIT
	Logon ID:		0x32ea11c

Logon Type:			3

This event is generated when a logon session is destroyed. It may be positively correlated with a logon event using the Logon ID value. Logon IDs are only unique between reboots on the same computer.","Microsoft-Windows-Security-Auditing","S-1-5-21-3517127094-4084499969-524712262-1103 driosx CRIT 0x32ea11c 3","4634","12/4/2019 11:56:56 AM","12/4/2019 11:56:56 AM",,,
"4634","ILCSDC0","1f44b6c9-f7b5-4049-be1c-c47954ec3bdc","True","ILCSDC0.critsol.net","System.Byte[]","3273998","(12545)","12545","SuccessAudit","An account was logged off.

Subject:
	Security ID:		S-1-5-21-3517127094-4084499969-524712262-1103
	Account Name:		driosx
	Account Domain:		CRIT
	Logon ID:		0x32ea2a8

Logon Type:			3

This event is generated when a logon session is destroyed. It may be positively correlated with a logon event using the Logon ID value. Logon IDs are only unique between reboots on the same computer.","Microsoft-Windows-Security-Auditing","S-1-5-21-3517127094-4084499969-524712262-1103 driosx CRIT 0x32ea2a8 3","4634","12/4/2019 11:56:56 AM","12/4/2019 11:56:56 AM",,,
"4627","ILCSDC0","1f44b6c9-f7b5-4049-be1c-c47954ec3bdc","True","ILCSDC0.critsol.net","System.Byte[]","3273997","(12554)","12554","SuccessAudit","Group membership information.

Subject:
	Security ID:		S-1-0-0
	Account Name:		-
	Account Domain:		-
	Logon ID:		0x0

Logon Type:			3

New Logon:
	Security ID:		S-1-5-21-3517127094-4084499969-524712262-1103
	Account Name:		driosx
	Account Domain:		CRITSOL.NET
	Logon ID:		0x32ea2a8

Event in sequence:		1 of 1

Group Membership:			
		%{S-1-5-21-3517127094-4084499969-524712262-513}
		%{S-1-1-0}
		%{S-1-5-32-545}
		%{S-1-5-32-554}
		%{S-1-5-32-544}
		%{S-1-5-32-548}
		%{S-1-5-32-550}
		%{S-1-5-32-555}
		%{S-1-5-32-556}
		%{S-1-5-32-558}
		%{S-1-5-32-559}
		%{S-1-5-32-568}
		%{S-1-5-32-573}
		%{S-1-5-32-580}
		%{S-1-5-32-549}
		%{S-1-5-2}
		%{S-1-5-11}
		%{S-1-5-15}
		%{S-1-5-21-3517127094-4084499969-524712262-512}
		%{S-1-5-21-3517127094-4084499969-524712262-1131}
		%{S-1-5-21-3517127094-4084499969-524712262-1104}
		%{S-1-5-21-3517127094-4084499969-524712262-1118}
		%{S-1-5-21-3517127094-4084499969-524712262-1112}
		%{S-1-5-21-3517127094-4084499969-524712262-520}
		%{S-1-5-21-3517127094-4084499969-524712262-1119}
		%{S-1-18-1}
		%{S-1-5-21-3517127094-4084499969-524712262-572}
		%{S-1-5-21-3517127094-4084499969-524712262-1101}
		%{S-1-5-21-3517127094-4084499969-524712262-1106}
		%{S-1-16-12288}

The subject fields indicate the account on the local system which requested the logon. This is most commonly a service such as the Server service, or a local process such as Winlogon.exe or Services.exe.

The logon type field indicates the kind of logon that occurred. The most common types are 2 (interactive) and 3 (network).

The New Logon fields indicate the account for whom the new logon was created, i.e. the account that was logged on.

This event is generated when the Audit Group Membership subcategory is configured.  The Logon ID field can be used to correlate this event with the corresponding user logon event as well as to any other security audit events generated during this logon session.","Microsoft-Windows-Security-Auditing","S-1-0-0 - - 0x0 S-1-5-21-3517127094-4084499969-524712262-1103 driosx CRITSOL.NET 0x32ea2a8 3 1 1 
		%{S-1-5-21-3517127094-4084499969-524712262-513}
		%{S-1-1-0}
		%{S-1-5-32-545}
		%{S-1-5-32-554}
		%{S-1-5-32-544}
		%{S-1-5-32-548}
		%{S-1-5-32-550}
		%{S-1-5-32-555}
		%{S-1-5-32-556}
		%{S-1-5-32-558}
		%{S-1-5-32-559}
		%{S-1-5-32-568}
		%{S-1-5-32-573}
		%{S-1-5-32-580}
		%{S-1-5-32-549}
		%{S-1-5-2}
		%{S-1-5-11}
		%{S-1-5-15}
		%{S-1-5-21-3517127094-4084499969-524712262-512}
		%{S-1-5-21-3517127094-4084499969-524712262-1131}
		%{S-1-5-21-3517127094-4084499969-524712262-1104}
		%{S-1-5-21-3517127094-4084499969-524712262-1118}
		%{S-1-5-21-3517127094-4084499969-524712262-1112}
		%{S-1-5-21-3517127094-4084499969-524712262-520}
		%{S-1-5-21-3517127094-4084499969-524712262-1119}
		%{S-1-18-1}
		%{S-1-5-21-3517127094-4084499969-524712262-572}
		%{S-1-5-21-3517127094-4084499969-524712262-1101}
		%{S-1-5-21-3517127094-4084499969-524712262-1106}
		%{S-1-16-12288}","4627","12/4/2019 11:56:56 AM","12/4/2019 11:56:56 AM",,,
